#
# A fatal error has been detected by the Java Runtime Environment:
#
#  SIGSEGV (0xb) at pc=0x00007f68c2005060, pid=4838, tid=140088817485568
#
# JRE version: Java(TM) SE Runtime Environment (8.0_45-b14) (build 1.8.0_45-b14)
# Java VM: Java HotSpot(TM) 64-Bit Server VM (25.45-b02 mixed mode linux-amd64 compressed oops)
# Problematic frame:
# C  0x00007f68c2005060
#
# Failed to write core dump. Core dumps have been disabled. To enable core dumping, try "ulimit -c unlimited" before starting Java again
#
# If you would like to submit a bug report, please visit:
#   http://bugreport.java.com/bugreport/crash.jsp
#

---------------  T H R E A D  ---------------

Current thread (0x00007f691092c800):  JavaThread "424398527@qtp-1055096410-0" [_thread_in_Java, id=4861, stack(0x00007f68f8240000,0x00007f68f8341000)]

siginfo: si_signo: 11 (SIGSEGV), si_code: 2 (SEGV_ACCERR), si_addr: 0x00007f68c2005060

Registers:
RAX=0x00007f68f8411330, RBX=0x00007f68f8411330, RCX=0x00000000f71e7ea0, RDX=0x0000000000000002
RSP=0x00007f68f833bfa8, RBP=0x00007f68f833c030, RSI=0x00000000f71e7ea0, RDI=0x00000000f71e4c82
R8 =0x000000000000000d, R9 =0x000000000000002c, R10=0x00007f6917ac4a20, R11=0x00007f69017ad2a0
R12=0x0000000000000000, R13=0x00007f68f833bfb8, R14=0x0000000100201e50, R15=0x00007f691092c800
RIP=0x00007f68c2005060, EFLAGS=0x0000000000010202, CSGSFS=0x0000000000000033, ERR=0x0000000000000014
  TRAPNO=0x000000000000000e

Top of Stack: (sp=0x00007f68f833bfa8)
0x00007f68f833bfa8:   00007f69010071a5 00007f69010071a5
0x00007f68f833bfb8:   0000000000000002 00000000f71e7ea0
0x00007f68f833bfc8:   00000000f73a7a10 0000000000000000
0x00007f68f833bfd8:   00000000f7210930 000000000000075a
0x00007f68f833bfe8:   00000000f7374e48 00007f68f833bff0
0x00007f68f833bff8:   00007f68f3654b15 00007f68f833c0b8
0x00007f68f833c008:   00007f68f3658160 00007f68f36c4250
0x00007f68f833c018:   00007f68f3654cf0 00007f68f833bfb8
0x00007f68f833c028:   00007f68f833c0a0 00007f68f833c100
0x00007f68f833c038:   00007f690100798d 0000000000000000
0x00007f68f833c048:   0000000000000000 0000000000000000
0x00007f68f833c058:   0000000000000000 0000000000000000
0x00007f68f833c068:   0000000000000000 0000000000000000
0x00007f68f833c078:   0000000000000000 0000000000000002
0x00007f68f833c088:   0000000000000003 0000000000000000
0x00007f68f833c098:   000000000000075a 0000000000000000
0x00007f68f833c0a8:   00000000f71e7ea0 00000000f71e78e8
0x00007f68f833c0b8:   00000000f70aee80 00007f68f833c0c0
0x00007f68f833c0c8:   00007f68f3654d7c 00007f68f833c128
0x00007f68f833c0d8:   00007f68f3658160 00007f68f36c4600
0x00007f68f833c0e8:   00007f68f3654dc8 00007f68f833c0a0
0x00007f68f833c0f8:   00007f68f833c110 00007f68f833c170
0x00007f68f833c108:   00007f69010079d2 0000000000000000
0x00007f68f833c118:   00000000f71e7ea0 00000000f71e78e8
0x00007f68f833c128:   00000000f70aee80 00007f68f833c130
0x00007f68f833c138:   00007f68f83f86bc 00007f68f833c188
0x00007f68f833c148:   00007f68f8401028 00007f68f36c2148
0x00007f68f833c158:   00007f68f83f8778 00007f68f833c110
0x00007f68f833c168:   00007f68f833c190 00007f68f833c358
0x00007f68f833c178:   00007f690176769c 00000000f72107d0
0x00007f68f833c188:   00000000f71e74a0 00007f68f833c260
0x00007f68f833c198:   00007f69017561a4 00007f68f833c268 

Instructions: (pc=0x00007f68c2005060)
0x00007f68c2005040:   
[error occurred during error reporting (printing registers, top of stack, instructions near pc), id 0xb]

Register to memory mapping:

RAX={method} {0x00007f68f8411330} 'isSpecified' '(I)Z' in 'com/sun/org/apache/xerces/internal/util/XMLAttributesImpl'
RBX={method} {0x00007f68f8411330} 'isSpecified' '(I)Z' in 'com/sun/org/apache/xerces/internal/util/XMLAttributesImpl'
RCX=0x00000000f71e7ea0 is an oop
com.sun.org.apache.xerces.internal.util.XMLAttributesIteratorImpl 
 - klass: 'com/sun/org/apache/xerces/internal/util/XMLAttributesIteratorImpl'
RDX=0x0000000000000002 is an unknown value
RSP=0x00007f68f833bfa8 is pointing into the stack for thread: 0x00007f691092c800
RBP=0x00007f68f833c030 is pointing into the stack for thread: 0x00007f691092c800
RSI=0x00000000f71e7ea0 is an oop
com.sun.org.apache.xerces.internal.util.XMLAttributesIteratorImpl 
 - klass: 'com/sun/org/apache/xerces/internal/util/XMLAttributesIteratorImpl'
RDI=0x00000000f71e4c82 is an unknown value
R8 =0x000000000000000d is an unknown value
R9 =0x000000000000002c is an unknown value
R10=0x00007f6917ac4a20: <offset 0xf9fa20> in /usr/lib/jvm/java-8-oracle/jre/lib/amd64/server/libjvm.so at 0x00007f6916b25000
R11=0x00007f69017ad2a0 is at entry_point+32 in (nmethod*)0x00007f69017ad110
R12=0x0000000000000000 is an unknown value
R13=0x00007f68f833bfb8 is pointing into the stack for thread: 0x00007f691092c800
R14=0x0000000100201e50 is pointing into metadata
R15=0x00007f691092c800 is a thread


Stack: [0x00007f68f8240000,0x00007f68f8341000],  sp=0x00007f68f833bfa8,  free space=1007k
Native frames: (J=compiled Java code, j=interpreted, Vv=VM code, C=native code)
C  0x00007f68c2005060
j  com.sun.org.apache.xerces.internal.parsers.AbstractDOMParser.emptyElement(Lcom/sun/org/apache/xerces/internal/xni/QName;Lcom/sun/org/apache/xerces/internal/xni/XMLAttributes;Lcom/sun/org/apache/xerces/internal/xni/Augmentations;)V+4
j  com.sun.org.apache.xerces.internal.impl.XMLDocumentFragmentScannerImpl.scanStartElement()Z+372
J 2006 C1 com.sun.org.apache.xerces.internal.impl.XMLDocumentFragmentScannerImpl$FragmentContentDriver.next()I (2345 bytes) @ 0x00007f690176769c [0x00007f6901762cc0+0x49dc]
J 2104 C2 com.sun.org.apache.xerces.internal.impl.XMLDocumentScannerImpl.next()I (10 bytes) @ 0x00007f69017b7528 [0x00007f69017b74e0+0x48]
j  com.sun.org.apache.xerces.internal.impl.XMLDocumentFragmentScannerImpl.scanDocument(Z)Z+238
j  com.sun.org.apache.xerces.internal.parsers.XML11Configuration.parse(Z)Z+123
j  com.sun.org.apache.xerces.internal.parsers.XML11Configuration.parse(Lcom/sun/org/apache/xerces/internal/xni/parser/XMLInputSource;)V+29
j  com.sun.org.apache.xerces.internal.parsers.XMLParser.parse(Lcom/sun/org/apache/xerces/internal/xni/parser/XMLInputSource;)V+76
j  com.sun.org.apache.xerces.internal.parsers.DOMParser.parse(Lorg/xml/sax/InputSource;)V+43
j  com.sun.org.apache.xerces.internal.jaxp.DocumentBuilderImpl.parse(Lorg/xml/sax/InputSource;)Lorg/w3c/dom/Document;+57
j  org.datanucleus.plugin.PluginParser.parsePluginElements(Ljavax/xml/parsers/DocumentBuilder;Lorg/datanucleus/plugin/PluginRegistry;Ljava/net/URL;Lorg/datanucleus/plugin/Bundle;Lorg/datanucleus/ClassLoaderResolver;)[Ljava/util/List;+80
j  org.datanucleus.plugin.NonManagedPluginRegistry.registerExtensions()V+113
j  org.datanucleus.plugin.NonManagedPluginRegistry.registerExtensionPoints()V+1
j  org.datanucleus.plugin.PluginManager.<init>(Ljava/lang/String;Lorg/datanucleus/ClassLoaderResolver;Ljava/util/Properties;)V+129
j  org.datanucleus.plugin.PluginManager.createPluginManager(Ljava/util/Map;Ljava/lang/ClassLoader;)Lorg/datanucleus/plugin/PluginManager;+208
j  org.datanucleus.api.jpa.JPAEntityManagerFactory.<init>(Ljava/lang/String;Ljava/util/Map;)V+99
j  org.datanucleus.api.jpa.PersistenceProviderImpl.createEntityManagerFactory(Ljava/lang/String;Ljava/util/Map;)Ljavax/persistence/EntityManagerFactory;+6
j  javax.persistence.Persistence.createEntityManagerFactory(Ljava/lang/String;Ljava/util/Map;)Ljavax/persistence/EntityManagerFactory;+194
j  javax.persistence.Persistence.createEntityManagerFactory(Ljava/lang/String;)Ljavax/persistence/EntityManagerFactory;+4
j  es.upm.dit.isst.factGest.dao.EMFService.<clinit>()V+12
v  ~StubRoutines::call_stub
V  [libjvm.so+0x681a26]  JavaCalls::call_helper(JavaValue*, methodHandle*, JavaCallArguments*, Thread*)+0x1056
V  [libjvm.so+0x634fd7]  InstanceKlass::call_class_initializer_impl(instanceKlassHandle, Thread*)+0xd7
V  [libjvm.so+0x636c2c]  InstanceKlass::initialize_impl(instanceKlassHandle, Thread*)+0x1ac
V  [libjvm.so+0x636fe1]  InstanceKlass::initialize(Thread*)+0x41
V  [libjvm.so+0x7e9756]  LinkResolver::resolve_static_call(CallInfo&, KlassHandle&, Symbol*, Symbol*, KlassHandle, bool, bool, Thread*)+0x246
V  [libjvm.so+0x7e99df]  LinkResolver::resolve_invokestatic(CallInfo&, constantPoolHandle, int, Thread*)+0x23f
V  [libjvm.so+0x7e9f11]  LinkResolver::resolve_invoke(CallInfo&, Handle, constantPoolHandle, int, Bytecodes::Code, Thread*)+0x4f1
V  [libjvm.so+0x67a972]  InterpreterRuntime::resolve_invoke(JavaThread*, Bytecodes::Code)+0x1b2
j  es.upm.dit.isst.factGest.dao.SesionDAOImpl.getSesion(Ljava/lang/String;)Les/upm/dit/isst/factGest/model/Sesion;+0
j  es.upm.dit.isst.factGest.LogueadoServlet.doGet(Ljavax/servlet/http/HttpServletRequest;Ljavax/servlet/http/HttpServletResponse;)V+96
j  javax.servlet.http.HttpServlet.service(Ljavax/servlet/http/HttpServletRequest;Ljavax/servlet/http/HttpServletResponse;)V+35
j  javax.servlet.http.HttpServlet.service(Ljavax/servlet/ServletRequest;Ljavax/servlet/ServletResponse;)V+30
j  org.mortbay.jetty.servlet.ServletHolder.handle(Ljavax/servlet/ServletRequest;Ljavax/servlet/ServletResponse;)V+179
j  org.mortbay.jetty.servlet.ServletHandler$CachedChain.doFilter(Ljavax/servlet/ServletRequest;Ljavax/servlet/ServletResponse;)V+103
j  com.google.appengine.api.blobstore.dev.ServeBlobFilter.doFilter(Ljavax/servlet/ServletRequest;Ljavax/servlet/ServletResponse;Ljavax/servlet/FilterChain;)V+17
j  org.mortbay.jetty.servlet.ServletHandler$CachedChain.doFilter(Ljavax/servlet/ServletRequest;Ljavax/servlet/ServletResponse;)V+53
j  com.google.appengine.tools.development.DevAppServerModulesFilter.doDirectRequest(Ljava/lang/String;ILjavax/servlet/http/HttpServletRequest;Ljavax/servlet/http/HttpServletResponse;Ljavax/servlet/FilterChain;)V+117
j  com.google.appengine.tools.development.DevAppServerModulesFilter.doDirectModuleRequest(Ljavax/servlet/http/HttpServletRequest;Ljavax/servlet/http/HttpServletResponse;Ljavax/servlet/FilterChain;)V+31
j  com.google.appengine.tools.development.DevAppServerModulesFilter.doFilter(Ljavax/servlet/ServletRequest;Ljavax/servlet/ServletResponse;Ljavax/servlet/FilterChain;)V+74
j  org.mortbay.jetty.servlet.ServletHandler$CachedChain.doFilter(Ljavax/servlet/ServletRequest;Ljavax/servlet/ServletResponse;)V+53
j  org.mortbay.jetty.servlet.ServletHandler.handle(Ljava/lang/String;Ljavax/servlet/http/HttpServletRequest;Ljavax/servlet/http/HttpServletResponse;I)V+470
j  org.mortbay.jetty.security.SecurityHandler.handle(Ljava/lang/String;Ljavax/servlet/http/HttpServletRequest;Ljavax/servlet/http/HttpServletResponse;I)V+299
j  org.mortbay.jetty.servlet.SessionHandler.handle(Ljava/lang/String;Ljavax/servlet/http/HttpServletRequest;Ljavax/servlet/http/HttpServletResponse;I)V+225
j  org.mortbay.jetty.handler.ContextHandler.handle(Ljava/lang/String;Ljavax/servlet/http/HttpServletRequest;Ljavax/servlet/http/HttpServletResponse;I)V+714
j  org.mortbay.jetty.webapp.WebAppContext.handle(Ljava/lang/String;Ljavax/servlet/http/HttpServletRequest;Ljavax/servlet/http/HttpServletResponse;I)V+25
j  com.google.appengine.tools.development.DevAppEngineWebAppContext.handle(Ljava/lang/String;Ljavax/servlet/http/HttpServletRequest;Ljavax/servlet/http/HttpServletResponse;I)V+68
j  org.mortbay.jetty.servlet.Dispatcher.forward(Ljavax/servlet/ServletRequest;Ljavax/servlet/ServletResponse;I)V+756
j  org.mortbay.jetty.servlet.Dispatcher.forward(Ljavax/servlet/ServletRequest;Ljavax/servlet/ServletResponse;)V+4
j  com.google.appengine.tools.development.StaticFileUtils.serveWelcomeFileAsForward(Ljavax/servlet/RequestDispatcher;ZLjavax/servlet/http/HttpServletRequest;Ljavax/servlet/http/HttpServletResponse;)Z+63
j  com.google.appengine.tools.development.LocalResourceFileServlet.maybeServeWelcomeFile(Ljava/lang/String;ZLjavax/servlet/http/HttpServletRequest;Ljavax/servlet/http/HttpServletResponse;)Z+248
j  com.google.appengine.tools.development.LocalResourceFileServlet.doGet(Ljavax/servlet/http/HttpServletRequest;Ljavax/servlet/http/HttpServletResponse;)V+170
j  javax.servlet.http.HttpServlet.service(Ljavax/servlet/http/HttpServletRequest;Ljavax/servlet/http/HttpServletResponse;)V+35
j  javax.servlet.http.HttpServlet.service(Ljavax/servlet/ServletRequest;Ljavax/servlet/ServletResponse;)V+30
j  org.mortbay.jetty.servlet.ServletHolder.handle(Ljavax/servlet/ServletRequest;Ljavax/servlet/ServletResponse;)V+179
j  org.mortbay.jetty.servlet.ServletHandler$CachedChain.doFilter(Ljavax/servlet/ServletRequest;Ljavax/servlet/ServletResponse;)V+103
j  com.google.appengine.api.socket.dev.DevSocketFilter.doFilter(Ljavax/servlet/ServletRequest;Ljavax/servlet/ServletResponse;Ljavax/servlet/FilterChain;)V+12
j  org.mortbay.jetty.servlet.ServletHandler$CachedChain.doFilter(Ljavax/servlet/ServletRequest;Ljavax/servlet/ServletResponse;)V+53
j  com.google.appengine.tools.development.ResponseRewriterFilter.doFilter(Ljavax/servlet/ServletRequest;Ljavax/servlet/ServletResponse;Ljavax/servlet/FilterChain;)V+54
j  org.mortbay.jetty.servlet.ServletHandler$CachedChain.doFilter(Ljavax/servlet/ServletRequest;Ljavax/servlet/ServletResponse;)V+53
j  com.google.appengine.tools.development.HeaderVerificationFilter.doFilter(Ljavax/servlet/ServletRequest;Ljavax/servlet/ServletResponse;Ljavax/servlet/FilterChain;)V+12
j  org.mortbay.jetty.servlet.ServletHandler$CachedChain.doFilter(Ljavax/servlet/ServletRequest;Ljavax/servlet/ServletResponse;)V+53
j  com.google.appengine.api.blobstore.dev.ServeBlobFilter.doFilter(Ljavax/servlet/ServletRequest;Ljavax/servlet/ServletResponse;Ljavax/servlet/FilterChain;)V+17
j  org.mortbay.jetty.servlet.ServletHandler$CachedChain.doFilter(Ljavax/servlet/ServletRequest;Ljavax/servlet/ServletResponse;)V+53
j  com.google.apphosting.utils.servlet.TransactionCleanupFilter.doFilter(Ljavax/servlet/ServletRequest;Ljavax/servlet/ServletResponse;Ljavax/servlet/FilterChain;)V+3
j  org.mortbay.jetty.servlet.ServletHandler$CachedChain.doFilter(Ljavax/servlet/ServletRequest;Ljavax/servlet/ServletResponse;)V+53
j  com.google.appengine.tools.development.StaticFileFilter.doFilter(Ljavax/servlet/ServletRequest;Ljavax/servlet/ServletResponse;Ljavax/servlet/FilterChain;)V+272
j  org.mortbay.jetty.servlet.ServletHandler$CachedChain.doFilter(Ljavax/servlet/ServletRequest;Ljavax/servlet/ServletResponse;)V+53
j  com.google.appengine.tools.development.DevAppServerModulesFilter.doDirectRequest(Ljava/lang/String;ILjavax/servlet/http/HttpServletRequest;Ljavax/servlet/http/HttpServletResponse;Ljavax/servlet/FilterChain;)V+117
j  com.google.appengine.tools.development.DevAppServerModulesFilter.doDirectModuleRequest(Ljavax/servlet/http/HttpServletRequest;Ljavax/servlet/http/HttpServletResponse;Ljavax/servlet/FilterChain;)V+31
j  com.google.appengine.tools.development.DevAppServerModulesFilter.doFilter(Ljavax/servlet/ServletRequest;Ljavax/servlet/ServletResponse;Ljavax/servlet/FilterChain;)V+74
j  org.mortbay.jetty.servlet.ServletHandler$CachedChain.doFilter(Ljavax/servlet/ServletRequest;Ljavax/servlet/ServletResponse;)V+53
j  org.mortbay.jetty.servlet.ServletHandler.handle(Ljava/lang/String;Ljavax/servlet/http/HttpServletRequest;Ljavax/servlet/http/HttpServletResponse;I)V+470
j  org.mortbay.jetty.security.SecurityHandler.handle(Ljava/lang/String;Ljavax/servlet/http/HttpServletRequest;Ljavax/servlet/http/HttpServletResponse;I)V+299
j  org.mortbay.jetty.servlet.SessionHandler.handle(Ljava/lang/String;Ljavax/servlet/http/HttpServletRequest;Ljavax/servlet/http/HttpServletResponse;I)V+225
j  org.mortbay.jetty.handler.ContextHandler.handle(Ljava/lang/String;Ljavax/servlet/http/HttpServletRequest;Ljavax/servlet/http/HttpServletResponse;I)V+714
j  org.mortbay.jetty.webapp.WebAppContext.handle(Ljava/lang/String;Ljavax/servlet/http/HttpServletRequest;Ljavax/servlet/http/HttpServletResponse;I)V+25
j  com.google.appengine.tools.development.DevAppEngineWebAppContext.handle(Ljava/lang/String;Ljavax/servlet/http/HttpServletRequest;Ljavax/servlet/http/HttpServletResponse;I)V+68
j  org.mortbay.jetty.handler.HandlerWrapper.handle(Ljava/lang/String;Ljavax/servlet/http/HttpServletRequest;Ljavax/servlet/http/HttpServletResponse;I)V+23
j  com.google.appengine.tools.development.JettyContainerService$ApiProxyHandler.handle(Ljava/lang/String;Ljavax/servlet/http/HttpServletRequest;Ljavax/servlet/http/HttpServletResponse;I)V+191
j  org.mortbay.jetty.handler.HandlerWrapper.handle(Ljava/lang/String;Ljavax/servlet/http/HttpServletRequest;Ljavax/servlet/http/HttpServletResponse;I)V+23
j  org.mortbay.jetty.Server.handle(Lorg/mortbay/jetty/HttpConnection;)V+114
j  org.mortbay.jetty.HttpConnection.handleRequest()V+138
j  org.mortbay.jetty.HttpConnection$RequestHandler.headerComplete()V+438
j  org.mortbay.jetty.HttpParser.parseNext()J+1797
j  org.mortbay.jetty.HttpParser.parseAvailable()J+1
j  org.mortbay.jetty.HttpConnection.handle()V+124
j  org.mortbay.io.nio.SelectChannelEndPoint.run()V+4
j  org.mortbay.thread.QueuedThreadPool$PoolThread.run()V+25
v  ~StubRoutines::call_stub
V  [libjvm.so+0x681a26]  JavaCalls::call_helper(JavaValue*, methodHandle*, JavaCallArguments*, Thread*)+0x1056
V  [libjvm.so+0x681f31]  JavaCalls::call_virtual(JavaValue*, KlassHandle, Symbol*, Symbol*, JavaCallArguments*, Thread*)+0x321
V  [libjvm.so+0x6823d7]  JavaCalls::call_virtual(JavaValue*, Handle, KlassHandle, Symbol*, Symbol*, Thread*)+0x47
V  [libjvm.so+0x718280]  thread_entry(JavaThread*, Thread*)+0xa0
V  [libjvm.so+0xa5c86f]  JavaThread::thread_main_inner()+0xdf
V  [libjvm.so+0xa5c99c]  JavaThread::run()+0x11c
V  [libjvm.so+0x910de8]  java_start(Thread*)+0x108
C  [libpthread.so.0+0x8182]  start_thread+0xc2


---------------  P R O C E S S  ---------------

Java Threads: ( => current thread )
  0x00007f6910d21000 JavaThread "Timer-2" daemon [_thread_blocked, id=4865, stack(0x00007f68f3ac8000,0x00007f68f3bc9000)]
  0x00007f6910b3a800 JavaThread "Timer-1" daemon [_thread_blocked, id=4863, stack(0x00007f68f3dc9000,0x00007f68f3eca000)]
  0x00007f691092d800 JavaThread "390689829@qtp-1055096410-1 - Acceptor0 SelectChannelConnector@127.0.0.1:8888" [_thread_in_native, id=4862, stack(0x00007f68f813f000,0x00007f68f8240000)]
=>0x00007f691092c800 JavaThread "424398527@qtp-1055096410-0" [_thread_in_Java, id=4861, stack(0x00007f68f8240000,0x00007f68f8341000)]
  0x00007f691042b000 JavaThread "Timer-0" daemon [_thread_blocked, id=4857, stack(0x00007f68f9deb000,0x00007f68f9eec000)]
  0x00007f691039d000 JavaThread "Service Thread" daemon [_thread_blocked, id=4855, stack(0x00007f68f9fed000,0x00007f68fa0ee000)]
  0x00007f6910398000 JavaThread "C1 CompilerThread2" daemon [_thread_in_vm, id=4854, stack(0x00007f68fa0ee000,0x00007f68fa1ef000)]
  0x00007f6910393000 JavaThread "C2 CompilerThread1" daemon [_thread_blocked, id=4853, stack(0x00007f68fa1ef000,0x00007f68fa2f0000)]
  0x00007f6910391800 JavaThread "C2 CompilerThread0" daemon [_thread_blocked, id=4852, stack(0x00007f68fa2f0000,0x00007f68fa3f1000)]
  0x00007f6910181000 JavaThread "Signal Dispatcher" daemon [_thread_blocked, id=4851, stack(0x00007f68fa8ef000,0x00007f68fa9f0000)]
  0x00007f6910148800 JavaThread "Finalizer" daemon [_thread_blocked, id=4850, stack(0x00007f68fadee000,0x00007f68faeef000)]
  0x00007f6910146800 JavaThread "Reference Handler" daemon [_thread_blocked, id=4849, stack(0x00007f68faeef000,0x00007f68faff0000)]
  0x00007f691000c800 JavaThread "main" [_thread_blocked, id=4843, stack(0x00007f69185f2000,0x00007f69186f3000)]

Other Threads:
  0x00007f6910141800 VMThread [stack: 0x00007f68faff0000,0x00007f68fb0f1000] [id=4848]
  0x00007f69103a0000 WatcherThread [stack: 0x00007f68f9eec000,0x00007f68f9fed000] [id=4856]

VM state:not at safepoint (normal execution)

VM Mutex/Monitor currently owned by a thread: None

Heap:
 PSYoungGen      total 69632K, used 31073K [0x00000000f5580000, 0x00000000fe180000, 0x0000000100000000)
  eden space 62464K, 49% used [0x00000000f5580000,0x00000000f73d8630,0x00000000f9280000)
  from space 7168K, 0% used [0x00000000f9280000,0x00000000f9280000,0x00000000f9980000)
  to   space 9216K, 0% used [0x00000000fd880000,0x00000000fd880000,0x00000000fe180000)
 ParOldGen       total 37888K, used 13954K [0x00000000e0000000, 0x00000000e2500000, 0x00000000f5580000)
  object space 37888K, 36% used [0x00000000e0000000,0x00000000e0da09f0,0x00000000e2500000)
 Metaspace       used 23739K, capacity 24170K, committed 24496K, reserved 1071104K
  class space    used 2742K, capacity 2887K, committed 2992K, reserved 1048576K

Card table byte_map: [0x00007f69150ba000,0x00007f69151bb000] byte_map_base: 0x00007f69149ba000

Marking Bits: (ParMarkBitMap*) 0x00007f6917ac2760
 Begin Bits: [0x00007f6900000000, 0x00007f6900800000)
 End Bits:   [0x00007f6900800000, 0x00007f6901000000)

Polling page: 0x00007f6918709000

CodeCache: size=245760Kb used=7976Kb max_used=7976Kb free=237783Kb
 bounds [0x00007f6901000000, 0x00007f69017e0000, 0x00007f6910000000]
 total_blobs=2522 nmethods=2115 adapters=322
 compilation: enabled

Compilation events (10 events):
Event: 17,180 Thread 0x00007f6910398000 nmethod 2118 0x00007f69017c3510 code [0x00007f69017c36c0, 0x00007f69017c3a48]
Event: 17,180 Thread 0x00007f6910398000 2087       3       com.sun.org.apache.xerces.internal.dom.DeferredAttrImpl::synchronizeChildren (18 bytes)
Event: 17,180 Thread 0x00007f6910393000 nmethod 2097 0x00007f69017c5250 code [0x00007f69017c5520, 0x00007f69017c6380]
Event: 17,180 Thread 0x00007f6910393000 2120       4       com.sun.org.apache.xerces.internal.dom.DeferredDocumentImpl::setChunkValue (80 bytes)
Event: 17,180 Thread 0x00007f6910391800 nmethod 2109 0x00007f69017be710 code [0x00007f69017be880, 0x00007f69017bef08]
Event: 17,180 Thread 0x00007f6910391800 2115       4       com.sun.org.apache.xerces.internal.impl.XMLDocumentFragmentScannerImpl::getCharacterData (17 bytes)
Event: 17,180 Thread 0x00007f6910398000 nmethod 2087 0x00007f69017bdc90 code [0x00007f69017bde40, 0x00007f69017be558]
Event: 17,180 Thread 0x00007f6910398000 2123       1       com.sun.org.apache.xerces.internal.util.XMLAttributesImpl::isSpecified (10 bytes)
Event: 17,180 Thread 0x00007f6910398000 nmethod 2123 0x00007f69017bd910 code [0x00007f69017bda80, 0x00007f69017bdbb0]
Event: 17,180 Thread 0x00007f6910398000 2088       3       com.sun.org.apache.xerces.internal.dom.DeferredDocumentImpl::synchronizeChildren (167 bytes)

GC Heap History (10 events):
Event: 2,004 GC heap before
{Heap before GC invocations=4 (full 0):
 PSYoungGen      total 18432K, used 18400K [0x00000000f5580000, 0x00000000f7980000, 0x0000000100000000)
  eden space 15872K, 100% used [0x00000000f5580000,0x00000000f6500000,0x00000000f6500000)
  from space 2560K, 98% used [0x00000000f6500000,0x00000000f6778240,0x00000000f6780000)
  to   space 2560K, 0% used [0x00000000f7700000,0x00000000f7700000,0x00000000f7980000)
 ParOldGen       total 42496K, used 5716K [0x00000000e0000000, 0x00000000e2980000, 0x00000000f5580000)
  object space 42496K, 13% used [0x00000000e0000000,0x00000000e05952a0,0x00000000e2980000)
 Metaspace       used 15355K, capacity 15666K, committed 15744K, reserved 1062912K
  class space    used 1803K, capacity 1911K, committed 1920K, reserved 1048576K
Event: 2,012 GC heap after
Heap after GC invocations=4 (full 0):
 PSYoungGen      total 34304K, used 2544K [0x00000000f5580000, 0x00000000f7980000, 0x0000000100000000)
  eden space 31744K, 0% used [0x00000000f5580000,0x00000000f5580000,0x00000000f7480000)
  from space 2560K, 99% used [0x00000000f7700000,0x00000000f797c250,0x00000000f7980000)
  to   space 2560K, 0% used [0x00000000f7480000,0x00000000f7480000,0x00000000f7700000)
 ParOldGen       total 42496K, used 7822K [0x00000000e0000000, 0x00000000e2980000, 0x00000000f5580000)
  object space 42496K, 18% used [0x00000000e0000000,0x00000000e07a3a60,0x00000000e2980000)
 Metaspace       used 15355K, capacity 15666K, committed 15744K, reserved 1062912K
  class space    used 1803K, capacity 1911K, committed 1920K, reserved 1048576K
}
Event: 2,360 GC heap before
{Heap before GC invocations=5 (full 0):
 PSYoungGen      total 34304K, used 34288K [0x00000000f5580000, 0x00000000f7980000, 0x0000000100000000)
  eden space 31744K, 100% used [0x00000000f5580000,0x00000000f7480000,0x00000000f7480000)
  from space 2560K, 99% used [0x00000000f7700000,0x00000000f797c250,0x00000000f7980000)
  to   space 2560K, 0% used [0x00000000f7480000,0x00000000f7480000,0x00000000f7700000)
 ParOldGen       total 42496K, used 7822K [0x00000000e0000000, 0x00000000e2980000, 0x00000000f5580000)
  object space 42496K, 18% used [0x00000000e0000000,0x00000000e07a3a60,0x00000000e2980000)
 Metaspace       used 18291K, capacity 18546K, committed 18688K, reserved 1064960K
  class space    used 2132K, capacity 2231K, committed 2304K, reserved 1048576K
Event: 2,374 GC heap after
Heap after GC invocations=5 (full 0):
 PSYoungGen      total 34304K, used 2544K [0x00000000f5580000, 0x00000000f9f80000, 0x0000000100000000)
  eden space 31744K, 0% used [0x00000000f5580000,0x00000000f5580000,0x00000000f7480000)
  from space 2560K, 99% used [0x00000000f7480000,0x00000000f76fc250,0x00000000f7700000)
  to   space 6144K, 0% used [0x00000000f9980000,0x00000000f9980000,0x00000000f9f80000)
 ParOldGen       total 42496K, used 10345K [0x00000000e0000000, 0x00000000e2980000, 0x00000000f5580000)
  object space 42496K, 24% used [0x00000000e0000000,0x00000000e0a1a4b0,0x00000000e2980000)
 Metaspace       used 18291K, capacity 18546K, committed 18688K, reserved 1064960K
  class space    used 2132K, capacity 2231K, committed 2304K, reserved 1048576K
}
Event: 2,562 GC heap before
{Heap before GC invocations=6 (full 0):
 PSYoungGen      total 34304K, used 34288K [0x00000000f5580000, 0x00000000f9f80000, 0x0000000100000000)
  eden space 31744K, 100% used [0x00000000f5580000,0x00000000f7480000,0x00000000f7480000)
  from space 2560K, 99% used [0x00000000f7480000,0x00000000f76fc250,0x00000000f7700000)
  to   space 6144K, 0% used [0x00000000f9980000,0x00000000f9980000,0x00000000f9f80000)
 ParOldGen       total 42496K, used 10345K [0x00000000e0000000, 0x00000000e2980000, 0x00000000f5580000)
  object space 42496K, 24% used [0x00000000e0000000,0x00000000e0a1a4b0,0x00000000e2980000)
 Metaspace       used 18917K, capacity 19256K, committed 19456K, reserved 1067008K
  class space    used 2203K, capacity 2296K, committed 2304K, reserved 1048576K
Event: 2,578 GC heap after
Heap after GC invocations=6 (full 0):
 PSYoungGen      total 68608K, used 6131K [0x00000000f5580000, 0x00000000fa180000, 0x0000000100000000)
  eden space 62464K, 0% used [0x00000000f5580000,0x00000000f5580000,0x00000000f9280000)
  from space 6144K, 99% used [0x00000000f9980000,0x00000000f9f7ce50,0x00000000f9f80000)
  to   space 7168K, 0% used [0x00000000f9280000,0x00000000f9280000,0x00000000f9980000)
 ParOldGen       total 42496K, used 11210K [0x00000000e0000000, 0x00000000e2980000, 0x00000000f5580000)
  object space 42496K, 26% used [0x00000000e0000000,0x00000000e0af2a90,0x00000000e2980000)
 Metaspace       used 18917K, capacity 19256K, committed 19456K, reserved 1067008K
  class space    used 2203K, capacity 2296K, committed 2304K, reserved 1048576K
}
Event: 2,827 GC heap before
{Heap before GC invocations=7 (full 0):
 PSYoungGen      total 68608K, used 53987K [0x00000000f5580000, 0x00000000fa180000, 0x0000000100000000)
  eden space 62464K, 76% used [0x00000000f5580000,0x00000000f843bdc8,0x00000000f9280000)
  from space 6144K, 99% used [0x00000000f9980000,0x00000000f9f7ce50,0x00000000f9f80000)
  to   space 7168K, 0% used [0x00000000f9280000,0x00000000f9280000,0x00000000f9980000)
 ParOldGen       total 42496K, used 11210K [0x00000000e0000000, 0x00000000e2980000, 0x00000000f5580000)
  object space 42496K, 26% used [0x00000000e0000000,0x00000000e0af2a90,0x00000000e2980000)
 Metaspace       used 20886K, capacity 21206K, committed 21296K, reserved 1069056K
  class space    used 2435K, capacity 2561K, committed 2608K, reserved 1048576K
Event: 2,846 GC heap after
Heap after GC invocations=7 (full 0):
 PSYoungGen      total 69632K, used 7153K [0x00000000f5580000, 0x00000000fe180000, 0x0000000100000000)
  eden space 62464K, 0% used [0x00000000f5580000,0x00000000f5580000,0x00000000f9280000)
  from space 7168K, 99% used [0x00000000f9280000,0x00000000f997c6c8,0x00000000f9980000)
  to   space 9216K, 0% used [0x00000000fd880000,0x00000000fd880000,0x00000000fe180000)
 ParOldGen       total 42496K, used 13514K [0x00000000e0000000, 0x00000000e2980000, 0x00000000f5580000)
  object space 42496K, 31% used [0x00000000e0000000,0x00000000e0d32868,0x00000000e2980000)
 Metaspace       used 20886K, capacity 21206K, committed 21296K, reserved 1069056K
  class space    used 2435K, capacity 2561K, committed 2608K, reserved 1048576K
}
Event: 2,846 GC heap before
{Heap before GC invocations=8 (full 1):
 PSYoungGen      total 69632K, used 7153K [0x00000000f5580000, 0x00000000fe180000, 0x0000000100000000)
  eden space 62464K, 0% used [0x00000000f5580000,0x00000000f5580000,0x00000000f9280000)
  from space 7168K, 99% used [0x00000000f9280000,0x00000000f997c6c8,0x00000000f9980000)
  to   space 9216K, 0% used [0x00000000fd880000,0x00000000fd880000,0x00000000fe180000)
 ParOldGen       total 42496K, used 13514K [0x00000000e0000000, 0x00000000e2980000, 0x00000000f5580000)
  object space 42496K, 31% used [0x00000000e0000000,0x00000000e0d32868,0x00000000e2980000)
 Metaspace       used 20886K, capacity 21206K, committed 21296K, reserved 1069056K
  class space    used 2435K, capacity 2561K, committed 2608K, reserved 1048576K
Event: 2,901 GC heap after
Heap after GC invocations=8 (full 1):
 PSYoungGen      total 69632K, used 0K [0x00000000f5580000, 0x00000000fe180000, 0x0000000100000000)
  eden space 62464K, 0% used [0x00000000f5580000,0x00000000f5580000,0x00000000f9280000)
  from space 7168K, 0% used [0x00000000f9280000,0x00000000f9280000,0x00000000f9980000)
  to   space 9216K, 0% used [0x00000000fd880000,0x00000000fd880000,0x00000000fe180000)
 ParOldGen       total 37888K, used 13954K [0x00000000e0000000, 0x00000000e2500000, 0x00000000f5580000)
  object space 37888K, 36% used [0x00000000e0000000,0x00000000e0da09f0,0x00000000e2500000)
 Metaspace       used 20886K, capacity 21206K, committed 21296K, reserved 1069056K
  class space    used 2435K, capacity 2561K, committed 2608K, reserved 1048576K
}

Deoptimization events (10 events):
Event: 17,031 Thread 0x00007f691092c800 Uncommon trap: reason=unstable_if action=reinterpret pc=0x00007f69016e8a74 method=com.google.appengine.tools.development.agent.impl.ClassLoaderVisitor$MethodTranslator.initsNewClassLoader(Ljava/lang/String;Ljava/lang/String;)Lcom/google/appengine/tools/de
Event: 17,095 Thread 0x00007f691092c800 Uncommon trap: reason=unstable_if action=reinterpret pc=0x00007f69016ad8f4 method=com.google.appengine.repackaged.org.objectweb.asm.MethodWriter.visitVarInsn(II)V @ 46
Event: 17,112 Thread 0x00007f691092c800 Uncommon trap: reason=unstable_if action=reinterpret pc=0x00007f69015af998 method=java.lang.CharacterData.of(I)Ljava/lang/CharacterData; @ 4
Event: 17,118 Thread 0x00007f691092c800 Uncommon trap: reason=unstable_if action=reinterpret pc=0x00007f6901553c24 method=com.sun.org.apache.xerces.internal.impl.XMLEntityScanner.skipSpaces()Z @ 75
Event: 17,118 Thread 0x00007f691092c800 Uncommon trap: reason=class_check action=maybe_recompile pc=0x00007f69015c4eb4 method=com.sun.org.apache.xerces.internal.impl.XMLDocumentFragmentScannerImpl$FragmentContentDriver.next()I @ 2222
Event: 17,119 Thread 0x00007f691092c800 Uncommon trap: reason=unstable_if action=reinterpret pc=0x00007f69015c1978 method=com.sun.org.apache.xerces.internal.impl.XMLEntityScanner.peekChar()I @ 51
Event: 17,119 Thread 0x00007f691092c800 Uncommon trap: reason=unstable_if action=reinterpret pc=0x00007f690159546c method=com.sun.org.apache.xerces.internal.impl.XMLEntityScanner.scanContent(Lcom/sun/org/apache/xerces/internal/xni/XMLString;)I @ 124
Event: 17,119 Thread 0x00007f691092c800 Uncommon trap: reason=unstable_if action=reinterpret pc=0x00007f690154bc14 method=com.sun.org.apache.xerces.internal.impl.XMLEntityScanner.peekChar()I @ 51
Event: 17,175 Thread 0x00007f691092c800 Uncommon trap: reason=unstable_if action=reinterpret pc=0x00007f69017ae75c method=com.sun.org.apache.xerces.internal.impl.XMLEntityScanner.scanLiteral(ILcom/sun/org/apache/xerces/internal/xni/XMLString;)I @ 508
Event: 17,176 Thread 0x00007f691092c800 Uncommon trap: reason=unstable_if action=reinterpret pc=0x00007f69017ac09c method=com.sun.org.apache.xerces.internal.impl.XMLEntityScanner.scanName()Ljava/lang/String; @ 205

Internal exceptions (10 events):
Event: 2,748 Thread 0x00007f691000c800 Exception <a 'java/lang/NullPointerException'> (0x00000000f735c1f0) thrown at [/RE-WORK/workspace/8-2-build-linux-amd64/jdk8u45/3457/hotspot/src/share/vm/runtime/sharedRuntime.cpp, line 605]
Event: 16,969 Thread 0x00007f691092d800 Implicit null exception at 0x00007f690119cfc4 to 0x00007f690119e2b3
Event: 16,969 Thread 0x00007f691092d800 Exception <a 'java/lang/NullPointerException'> (0x00000000f60ec6c0) thrown at [/RE-WORK/workspace/8-2-build-linux-amd64/jdk8u45/3457/hotspot/src/share/vm/runtime/sharedRuntime.cpp, line 605]
Event: 16,969 Thread 0x00007f691092d800 Implicit null exception at 0x00007f690119cfc4 to 0x00007f690119e2b3
Event: 16,969 Thread 0x00007f691092d800 Exception <a 'java/lang/NullPointerException'> (0x00000000f60ee8a8) thrown at [/RE-WORK/workspace/8-2-build-linux-amd64/jdk8u45/3457/hotspot/src/share/vm/runtime/sharedRuntime.cpp, line 605]
Event: 16,969 Thread 0x00007f691092d800 Implicit null exception at 0x00007f690119cfc4 to 0x00007f690119e2b3
Event: 16,969 Thread 0x00007f691092d800 Exception <a 'java/lang/NullPointerException'> (0x00000000f60f1c70) thrown at [/RE-WORK/workspace/8-2-build-linux-amd64/jdk8u45/3457/hotspot/src/share/vm/runtime/sharedRuntime.cpp, line 605]
Event: 16,970 Thread 0x00007f691092d800 Implicit null exception at 0x00007f690119cfc4 to 0x00007f690119e2b3
Event: 16,970 Thread 0x00007f691092d800 Exception <a 'java/lang/NullPointerException'> (0x00000000f60f3fb0) thrown at [/RE-WORK/workspace/8-2-build-linux-amd64/jdk8u45/3457/hotspot/src/share/vm/runtime/sharedRuntime.cpp, line 605]
Event: 16,985 Thread 0x00007f691092d800 Implicit null exception at 0x00007f69014e8f81 to 0x00007f69014e92dd

Events (10 events):
Event: 17,175 Thread 0x00007f691092c800 DEOPT UNPACKING pc=0x00007f6901046f73 sp=0x00007f68f833b7f8 mode 0
Event: 17,176 Thread 0x00007f691092c800 Uncommon trap: trap_request=0xffffff65 fr.pc=0x00007f69017ac09c
Event: 17,176 Thread 0x00007f691092c800 DEOPT PACKING pc=0x00007f69017ac09c sp=0x00007f68f833c070
Event: 17,176 Thread 0x00007f691092c800 DEOPT UNPACKING pc=0x00007f6901004f69 sp=0x00007f68f833c008 mode 2
Event: 17,176 Thread 0x00007f691092c800 DEOPT PACKING pc=0x00007f6901702d5b sp=0x00007f68f833bb40
Event: 17,176 Thread 0x00007f691092c800 DEOPT UNPACKING pc=0x00007f6901046f73 sp=0x00007f68f833b978 mode 0
Event: 17,178 Thread 0x00007f691092c800 DEOPT PACKING pc=0x00007f6901702d5b sp=0x00007f68f833b9b0
Event: 17,178 Thread 0x00007f691092c800 DEOPT UNPACKING pc=0x00007f6901046f73 sp=0x00007f68f833b7e8 mode 0
Event: 17,179 Thread 0x00007f691092c800 DEOPT PACKING pc=0x00007f6901702d5b sp=0x00007f68f833b9b0
Event: 17,179 Thread 0x00007f691092c800 DEOPT UNPACKING pc=0x00007f6901046f73 sp=0x00007f68f833b7e8 mode 0


Dynamic libraries:
00400000-00401000 r-xp 00000000 08:02 1190018                            /usr/lib/jvm/java-8-oracle/bin/java
00600000-00601000 rw-p 00000000 08:02 1190018                            /usr/lib/jvm/java-8-oracle/bin/java
00e81000-00ea2000 rw-p 00000000 00:00 0                                  [heap]
e0000000-e2500000 rw-p 00000000 00:00 0 
e2500000-f5580000 ---p 00000000 00:00 0 
f5580000-fe180000 rw-p 00000000 00:00 0 
fe180000-100000000 ---p 00000000 00:00 0 
100000000-1002ec000 rw-p 00000000 00:00 0 
1002ec000-140000000 ---p 00000000 00:00 0 
7f68ac000000-7f68ac021000 rw-p 00000000 00:00 0 
7f68ac021000-7f68b0000000 ---p 00000000 00:00 0 
7f68b0000000-7f68b0021000 rw-p 00000000 00:00 0 
7f68b0021000-7f68b4000000 ---p 00000000 00:00 0 
7f68b4000000-7f68b44b3000 rw-p 00000000 00:00 0 
7f68b44b3000-7f68b8000000 ---p 00000000 00:00 0 
7f68b8000000-7f68b8080000 rw-p 00000000 00:00 0 
7f68b8080000-7f68bc000000 ---p 00000000 00:00 0 
7f68bc000000-7f68bc021000 rw-p 00000000 00:00 0 
7f68bc021000-7f68c0000000 ---p 00000000 00:00 0 
7f68c0000000-7f68c0021000 rw-p 00000000 00:00 0 
7f68c0021000-7f68c4000000 ---p 00000000 00:00 0 
7f68c4000000-7f68c4021000 rw-p 00000000 00:00 0 
7f68c4021000-7f68c8000000 ---p 00000000 00:00 0 
7f68c8000000-7f68c8021000 rw-p 00000000 00:00 0 
7f68c8021000-7f68cc000000 ---p 00000000 00:00 0 
7f68cc000000-7f68cc6e7000 rw-p 00000000 00:00 0 
7f68cc6e7000-7f68d0000000 ---p 00000000 00:00 0 
7f68d0000000-7f68d06b7000 rw-p 00000000 00:00 0 
7f68d06b7000-7f68d4000000 ---p 00000000 00:00 0 
7f68d4000000-7f68d4021000 rw-p 00000000 00:00 0 
7f68d4021000-7f68d8000000 ---p 00000000 00:00 0 
7f68d8000000-7f68d90c2000 rw-p 00000000 00:00 0 
7f68d90c2000-7f68dc000000 ---p 00000000 00:00 0 
7f68dc000000-7f68dc021000 rw-p 00000000 00:00 0 
7f68dc021000-7f68e0000000 ---p 00000000 00:00 0 
7f68e0000000-7f68e0021000 rw-p 00000000 00:00 0 
7f68e0021000-7f68e4000000 ---p 00000000 00:00 0 
7f68e4000000-7f68e4021000 rw-p 00000000 00:00 0 
7f68e4021000-7f68e8000000 ---p 00000000 00:00 0 
7f68e8000000-7f68e8021000 rw-p 00000000 00:00 0 
7f68e8021000-7f68ec000000 ---p 00000000 00:00 0 
7f68ec000000-7f68ec021000 rw-p 00000000 00:00 0 
7f68ec021000-7f68f0000000 ---p 00000000 00:00 0 
7f68f35f3000-7f68f36f3000 rw-p 00000000 00:00 0 
7f68f36f3000-7f68f37f3000 ---p 00000000 00:00 0 
7f68f37f3000-7f68f39f3000 rw-p 00000000 00:00 0 
7f68f3ac7000-7f68f3ac8000 rw-p 00000000 00:00 0 
7f68f3ac8000-7f68f3acb000 ---p 00000000 00:00 0 
7f68f3acb000-7f68f3dc9000 rw-p 00000000 00:00 0                          [stack:4865]
7f68f3dc9000-7f68f3dcc000 ---p 00000000 00:00 0 
7f68f3dcc000-7f68f3eca000 rw-p 00000000 00:00 0                          [stack:4863]
7f68f3eca000-7f68f3efa000 r--s 00cf7000 08:02 3020887                    /home/sergio/Programacion/Workspace/factGestor/es.upm.dit.isst.factGest/war/WEB-INF/lib/appengine-api-labs.jar
7f68f3efa000-7f68f3eff000 r--s 00049000 08:02 3020982                    /home/sergio/Programacion/Workspace/factGestor/es.upm.dit.isst.factGest/war/WEB-INF/lib/datanucleus-api-jdo-3.1.3.jar
7f68f3eff000-7f68f3f05000 r--s 0004e000 08:02 3020980                    /home/sergio/Programacion/Workspace/factGestor/es.upm.dit.isst.factGest/war/WEB-INF/lib/datanucleus-appengine-2.1.2.jar
7f68f3f05000-7f68f3f1e000 r--s 0018e000 08:02 3020971                    /home/sergio/Programacion/Workspace/factGestor/es.upm.dit.isst.factGest/war/WEB-INF/lib/datanucleus-core-3.1.3.jar
7f68f3f1e000-7f68f3fd3000 r--s 00819000 08:02 3020981                    /home/sergio/Programacion/Workspace/factGestor/es.upm.dit.isst.factGest/war/WEB-INF/lib/gwt-servlet.jar
7f68f3fd3000-7f68f4000000 r--s 001c5000 08:02 3020889                    /home/sergio/Programacion/Workspace/factGestor/es.upm.dit.isst.factGest/war/WEB-INF/lib/appengine-endpoints.jar
7f68f4000000-7f68f4021000 rw-p 00000000 00:00 0 
7f68f4021000-7f68f8000000 ---p 00000000 00:00 0 
7f68f8000000-7f68f8001000 rw-p 00000000 00:00 0 
7f68f8001000-7f68f8003000 r--s 00012000 08:02 2887217                    /opt/eclipse/plugins/com.google.appengine.eclipse.sdkbundle_1.9.19/appengine-java-sdk-1.9.19/lib/opt/tools/appengine-local-endpoints/v1/appengine-local-endpoints.jar
7f68f8003000-7f68f8004000 r--s 00001000 08:02 3020897                    /home/sergio/Programacion/Workspace/factGestor/es.upm.dit.isst.factGest/war/WEB-INF/lib/appengine-jsr107cache-1.9.19.jar
7f68f8004000-7f68f8008000 r--s 0003b000 08:02 3020979                    /home/sergio/Programacion/Workspace/factGestor/es.upm.dit.isst.factGest/war/WEB-INF/lib/datanucleus-api-jpa-3.1.3.jar
7f68f8008000-7f68f8009000 r--s 00001000 08:02 3020896                    /home/sergio/Programacion/Workspace/factGestor/es.upm.dit.isst.factGest/war/WEB-INF/lib/jsr107cache-1.1.jar
7f68f8009000-7f68f800f000 r--s 00017000 08:02 3020970                    /home/sergio/Programacion/Workspace/factGestor/es.upm.dit.isst.factGest/war/WEB-INF/lib/geronimo-jpa_2.0_spec-1.0.jar
7f68f800f000-7f68f8011000 r--s 00004000 08:02 3020890                    /home/sergio/Programacion/Workspace/factGestor/es.upm.dit.isst.factGest/war/WEB-INF/lib/appengine-endpoints-deps.jar
7f68f8011000-7f68f8012000 r--s 00003000 08:02 3020917                    /home/sergio/Programacion/Workspace/factGestor/es.upm.dit.isst.factGest/war/WEB-INF/lib/jta-1.1.jar
7f68f8012000-7f68f8014000 r--s 0000a000 08:02 3020914                    /home/sergio/Programacion/Workspace/factGestor/es.upm.dit.isst.factGest/war/WEB-INF/lib/asm-4.0.jar
7f68f8014000-7f68f801a000 r--s 0002c000 08:02 3020907                    /home/sergio/Programacion/Workspace/factGestor/es.upm.dit.isst.factGest/war/WEB-INF/lib/jdo-api-3.0.1.jar
7f68f801a000-7f68f801c000 r--s 00006000 08:02 2887178                    /opt/eclipse/plugins/com.google.appengine.eclipse.sdkbundle_1.9.19/appengine-java-sdk-1.9.19/lib/impl/agent/appengine-agentruntime.jar
7f68f801c000-7f68f813f000 r--s 00eb7000 08:02 3020888                    /home/sergio/Programacion/Workspace/factGestor/es.upm.dit.isst.factGest/war/WEB-INF/lib/appengine-api-1.0-sdk-1.9.19.jar
7f68f813f000-7f68f8142000 ---p 00000000 00:00 0 
7f68f8142000-7f68f8240000 rw-p 00000000 00:00 0                          [stack:4862]
7f68f8240000-7f68f8243000 ---p 00000000 00:00 0 
7f68f8243000-7f68f8541000 rw-p 00000000 00:00 0                          [stack:4861]
7f68f8541000-7f68f8741000 rw-p 00000000 00:00 0 
7f68f8741000-7f68f8752000 r-xp 00000000 08:02 788082                     /usr/lib/jvm/java-8-oracle/jre/lib/amd64/libnio.so
7f68f8752000-7f68f8951000 ---p 00011000 08:02 788082                     /usr/lib/jvm/java-8-oracle/jre/lib/amd64/libnio.so
7f68f8951000-7f68f8952000 rw-p 00010000 08:02 788082                     /usr/lib/jvm/java-8-oracle/jre/lib/amd64/libnio.so
7f68f8952000-7f68f895c000 r--s 0004b000 08:02 2887136                    /opt/eclipse/plugins/com.google.appengine.eclipse.sdkbundle_1.9.19/appengine-java-sdk-1.9.19/lib/tools/jsp/repackaged-appengine-jakarta-standard-1.1.2.jar
7f68f895c000-7f68f898c000 r--s 00cf7000 08:02 2887163                    /opt/eclipse/plugins/com.google.appengine.eclipse.sdkbundle_1.9.19/appengine-java-sdk-1.9.19/lib/impl/appengine-api-labs.jar
7f68f898c000-7f68f8b8c000 rw-p 00000000 00:00 0 
7f68f8b8c000-7f68f8c13000 r--s 006fa000 08:02 2887168                    /opt/eclipse/plugins/com.google.appengine.eclipse.sdkbundle_1.9.19/appengine-java-sdk-1.9.19/lib/impl/appengine-local-runtime.jar
7f68f8c13000-7f68f8c6c000 r--s 0059b000 08:02 2887171                    /opt/eclipse/plugins/com.google.appengine.eclipse.sdkbundle_1.9.19/appengine-java-sdk-1.9.19/lib/impl/appengine-api-stubs.jar
7f68f8c6c000-7f68f8d8f000 r--s 00eb7000 08:02 2887164                    /opt/eclipse/plugins/com.google.appengine.eclipse.sdkbundle_1.9.19/appengine-java-sdk-1.9.19/lib/impl/appengine-api.jar
7f68f8d8f000-7f68f8df9000 r--s 0061c000 08:02 2887167                    /opt/eclipse/plugins/com.google.appengine.eclipse.sdkbundle_1.9.19/appengine-java-sdk-1.9.19/lib/impl/google_sql.jar
7f68f8df9000-7f68f8dfc000 ---p 00000000 00:00 0 
7f68f8dfc000-7f68f90fa000 rw-p 00000000 00:00 0 
7f68f90fa000-7f68f9111000 r-xp 00000000 08:02 2363542                    /lib/x86_64-linux-gnu/libresolv-2.19.so
7f68f9111000-7f68f9311000 ---p 00017000 08:02 2363542                    /lib/x86_64-linux-gnu/libresolv-2.19.so
7f68f9311000-7f68f9312000 r--p 00017000 08:02 2363542                    /lib/x86_64-linux-gnu/libresolv-2.19.so
7f68f9312000-7f68f9313000 rw-p 00018000 08:02 2363542                    /lib/x86_64-linux-gnu/libresolv-2.19.so
7f68f9313000-7f68f9315000 rw-p 00000000 00:00 0 
7f68f9315000-7f68f931a000 r-xp 00000000 08:02 2363489                    /lib/x86_64-linux-gnu/libnss_dns-2.19.so
7f68f931a000-7f68f9519000 ---p 00005000 08:02 2363489                    /lib/x86_64-linux-gnu/libnss_dns-2.19.so
7f68f9519000-7f68f951a000 r--p 00004000 08:02 2363489                    /lib/x86_64-linux-gnu/libnss_dns-2.19.so
7f68f951a000-7f68f951b000 rw-p 00005000 08:02 2363489                    /lib/x86_64-linux-gnu/libnss_dns-2.19.so
7f68f951b000-7f68f951d000 r-xp 00000000 08:02 2363497                    /lib/x86_64-linux-gnu/libnss_mdns4_minimal.so.2
7f68f951d000-7f68f971c000 ---p 00002000 08:02 2363497                    /lib/x86_64-linux-gnu/libnss_mdns4_minimal.so.2
7f68f971c000-7f68f971d000 r--p 00001000 08:02 2363497                    /lib/x86_64-linux-gnu/libnss_mdns4_minimal.so.2
7f68f971d000-7f68f971e000 rw-p 00002000 08:02 2363497                    /lib/x86_64-linux-gnu/libnss_mdns4_minimal.so.2
7f68f971e000-7f68f9731000 r--s 00344000 08:02 788159                     /usr/lib/jvm/java-8-oracle/jre/lib/resources.jar
7f68f9731000-7f68f9747000 r-xp 00000000 08:02 788009                     /usr/lib/jvm/java-8-oracle/jre/lib/amd64/libnet.so
7f68f9747000-7f68f9947000 ---p 00016000 08:02 788009                     /usr/lib/jvm/java-8-oracle/jre/lib/amd64/libnet.so
7f68f9947000-7f68f9948000 rw-p 00016000 08:02 788009                     /usr/lib/jvm/java-8-oracle/jre/lib/amd64/libnet.so
7f68f9948000-7f68f995e000 r-xp 00000000 08:02 2363443                    /lib/x86_64-linux-gnu/libgcc_s.so.1
7f68f995e000-7f68f9b5d000 ---p 00016000 08:02 2363443                    /lib/x86_64-linux-gnu/libgcc_s.so.1
7f68f9b5d000-7f68f9b5e000 rw-p 00015000 08:02 2363443                    /lib/x86_64-linux-gnu/libgcc_s.so.1
7f68f9b5e000-7f68f9b6a000 r--s 00152000 08:02 2887135                    /opt/eclipse/plugins/com.google.appengine.eclipse.sdkbundle_1.9.19/appengine-java-sdk-1.9.19/lib/tools/jsp/repackaged-appengine-jasper-jdt-6.0.29.jar
7f68f9b6a000-7f68f9b6c000 r--s 00003000 08:02 2887137                    /opt/eclipse/plugins/com.google.appengine.eclipse.sdkbundle_1.9.19/appengine-java-sdk-1.9.19/lib/tools/jsp/repackaged-appengine-jakarta-jstl-1.1.2.jar
7f68f9b6c000-7f68f9b71000 r--s 0003f000 08:02 924695                     /usr/lib/jvm/java-8-oracle/jre/lib/ext/sunjce_provider.jar
7f68f9b71000-7f68f9ba3000 r-xp 00000000 08:02 788075                     /usr/lib/jvm/java-8-oracle/jre/lib/amd64/libsunec.so
7f68f9ba3000-7f68f9da2000 ---p 00032000 08:02 788075                     /usr/lib/jvm/java-8-oracle/jre/lib/amd64/libsunec.so
7f68f9da2000-7f68f9da8000 rw-p 00031000 08:02 788075                     /usr/lib/jvm/java-8-oracle/jre/lib/amd64/libsunec.so
7f68f9da8000-7f68f9db8000 rw-p 00000000 00:00 0 
7f68f9db8000-7f68f9db9000 r--s 00009000 08:02 924693                     /usr/lib/jvm/java-8-oracle/jre/lib/ext/sunec.jar
7f68f9db9000-7f68f9dbc000 r--s 0003a000 08:02 924691                     /usr/lib/jvm/java-8-oracle/jre/lib/ext/sunpkcs11.jar
7f68f9dbc000-7f68f9dbf000 r--s 0001a000 08:02 788183                     /usr/lib/jvm/java-8-oracle/jre/lib/jce.jar
7f68f9dbf000-7f68f9dc4000 r--s 00094000 08:02 787998                     /usr/lib/jvm/java-8-oracle/jre/lib/jsse.jar
7f68f9dc4000-7f68f9dcf000 r--s 00116000 08:02 924698                     /usr/lib/jvm/java-8-oracle/jre/lib/ext/localedata.jar
7f68f9dcf000-7f68f9deb000 r--s 00393000 08:02 924694                     /usr/lib/jvm/java-8-oracle/jre/lib/ext/cldrdata.jar
7f68f9deb000-7f68f9dee000 ---p 00000000 00:00 0 
7f68f9dee000-7f68f9eec000 rw-p 00000000 00:00 0                          [stack:4857]
7f68f9eec000-7f68f9eed000 ---p 00000000 00:00 0 
7f68f9eed000-7f68f9fed000 rw-p 00000000 00:00 0                          [stack:4856]
7f68f9fed000-7f68f9ff0000 ---p 00000000 00:00 0 
7f68f9ff0000-7f68fa0ee000 rw-p 00000000 00:00 0                          [stack:4855]
7f68fa0ee000-7f68fa0f1000 ---p 00000000 00:00 0 
7f68fa0f1000-7f68fa1ef000 rw-p 00000000 00:00 0                          [stack:4854]
7f68fa1ef000-7f68fa1f2000 ---p 00000000 00:00 0 
7f68fa1f2000-7f68fa2f0000 rw-p 00000000 00:00 0                          [stack:4853]
7f68fa2f0000-7f68fa2f3000 ---p 00000000 00:00 0 
7f68fa2f3000-7f68fa3f1000 rw-p 00000000 00:00 0                          [stack:4852]
7f68fa3f1000-7f68fa3f6000 r--s 00054000 08:02 2887130                    /opt/eclipse/plugins/com.google.appengine.eclipse.sdkbundle_1.9.19/appengine-java-sdk-1.9.19/lib/agent/appengine-agentimpl.jar
7f68fa3f6000-7f68fa3f7000 r--s 00000000 08:02 2887131                    /opt/eclipse/plugins/com.google.appengine.eclipse.sdkbundle_1.9.19/appengine-java-sdk-1.9.19/lib/agent/appengine-agent.jar
7f68fa3f7000-7f68fa3f9000 r--s 0000e000 08:02 2889010                    /opt/eclipse/plugins/com.google.gwt.eclipse.sdkbundle_2.6.0/gwt-2.6.0/validation-api-1.0.0.GA-sources.jar
7f68fa3f9000-7f68fa44b000 rw-p 00000000 00:00 0 
7f68fa44b000-7f68fa651000 r--s 0242a000 08:02 2889023                    /opt/eclipse/plugins/com.google.gwt.eclipse.sdkbundle_2.6.0/gwt-2.6.0/gwt-dev.jar
7f68fa651000-7f68fa756000 r--s 01aaf000 08:02 2889025                    /opt/eclipse/plugins/com.google.gwt.eclipse.sdkbundle_2.6.0/gwt-2.6.0/gwt-user.jar
7f68fa756000-7f68fa76f000 r--s 0018e000 08:02 2887235                    /opt/eclipse/plugins/com.google.appengine.eclipse.sdkbundle_1.9.19/appengine-java-sdk-1.9.19/lib/opt/user/datanucleus/v2/datanucleus-core-3.1.3.jar
7f68fa76f000-7f68fa892000 r--s 00eb7000 08:02 2887149                    /opt/eclipse/plugins/com.google.appengine.eclipse.sdkbundle_1.9.19/appengine-java-sdk-1.9.19/lib/user/appengine-api-1.0-sdk-1.9.19.jar
7f68fa892000-7f68fa8bf000 r--s 001c5000 08:02 2887241                    /opt/eclipse/plugins/com.google.appengine.eclipse.sdkbundle_1.9.19/appengine-java-sdk-1.9.19/lib/opt/user/appengine-endpoints/v1/appengine-endpoints.jar
7f68fa8bf000-7f68fa8ef000 r--s 00cf7000 08:02 2887245                    /opt/eclipse/plugins/com.google.appengine.eclipse.sdkbundle_1.9.19/appengine-java-sdk-1.9.19/lib/opt/user/appengine-api-labs/v1/appengine-api-labs.jar
7f68fa8ef000-7f68fa8f2000 ---p 00000000 00:00 0 
7f68fa8f2000-7f68fa9f0000 rw-p 00000000 00:00 0                          [stack:4851]
7f68fa9f0000-7f68fadee000 r--p 00000000 08:02 790760                     /usr/lib/locale/locale-archive
7f68fadee000-7f68fadf1000 ---p 00000000 00:00 0 
7f68fadf1000-7f68faeef000 rw-p 00000000 00:00 0                          [stack:4850]
7f68faeef000-7f68faef2000 ---p 00000000 00:00 0 
7f68faef2000-7f68faff0000 rw-p 00000000 00:00 0                          [stack:4849]
7f68faff0000-7f68faff1000 ---p 00000000 00:00 0 
7f68faff1000-7f68fc000000 rw-p 00000000 00:00 0                          [stack:4848]
7f68fc000000-7f68fc021000 rw-p 00000000 00:00 0 
7f68fc021000-7f6900000000 ---p 00000000 00:00 0 
7f6900000000-7f6901000000 rw-p 00000000 00:00 0 
7f6901000000-7f69017e0000 rwxp 00000000 00:00 0 
7f69017e0000-7f6910000000 ---p 00000000 00:00 0 
7f6910000000-7f6910d43000 rw-p 00000000 00:00 0 
7f6910d43000-7f6914000000 ---p 00000000 00:00 0 
7f6914000000-7f6914003000 r--s 00009000 08:02 2889004                    /opt/eclipse/plugins/com.google.gwt.eclipse.sdkbundle_2.6.0/gwt-2.6.0/validation-api-1.0.0.GA.jar
7f6914003000-7f6914008000 r--s 00049000 08:02 2887231                    /opt/eclipse/plugins/com.google.appengine.eclipse.sdkbundle_1.9.19/appengine-java-sdk-1.9.19/lib/opt/user/datanucleus/v2/datanucleus-api-jdo-3.1.3.jar
7f6914008000-7f691400e000 r--s 0004e000 08:02 2887237                    /opt/eclipse/plugins/com.google.appengine.eclipse.sdkbundle_1.9.19/appengine-java-sdk-1.9.19/lib/opt/user/datanucleus/v2/datanucleus-appengine-2.1.2.jar
7f691400e000-7f6914012000 r--s 0003b000 08:02 2887234                    /opt/eclipse/plugins/com.google.appengine.eclipse.sdkbundle_1.9.19/appengine-java-sdk-1.9.19/lib/opt/user/datanucleus/v2/datanucleus-api-jpa-3.1.3.jar
7f6914012000-7f6914018000 r--s 00017000 08:02 2887230                    /opt/eclipse/plugins/com.google.appengine.eclipse.sdkbundle_1.9.19/appengine-java-sdk-1.9.19/lib/opt/user/datanucleus/v2/geronimo-jpa_2.0_spec-1.0.jar
7f6914018000-7f69140bd000 r--s 00768000 08:02 2887128                    /opt/eclipse/plugins/com.google.appengine.eclipse.sdkbundle_1.9.19/appengine-java-sdk-1.9.19/lib/appengine-tools-api.jar
7f69140bd000-7f691410c000 rw-p 00000000 00:00 0 
7f691410c000-7f69142e5000 r--s 03d09000 08:02 788187                     /usr/lib/jvm/java-8-oracle/jre/lib/rt.jar
7f69142e5000-7f6914cb6000 rw-p 00000000 00:00 0 
7f6914cb6000-7f6914cb7000 ---p 00000000 00:00 0 
7f6914cb7000-7f6914db7000 rw-p 00000000 00:00 0                          [stack:4847]
7f6914db7000-7f6914db8000 ---p 00000000 00:00 0 
7f6914db8000-7f6914eb8000 rw-p 00000000 00:00 0                          [stack:4846]
7f6914eb8000-7f6914eb9000 ---p 00000000 00:00 0 
7f6914eb9000-7f6914fb9000 rw-p 00000000 00:00 0                          [stack:4845]
7f6914fb9000-7f6914fba000 ---p 00000000 00:00 0 
7f6914fba000-7f69150cd000 rw-p 00000000 00:00 0                          [stack:4844]
7f69150cd000-7f6915164000 ---p 00000000 00:00 0 
7f6915164000-7f69151ab000 rw-p 00000000 00:00 0 
7f69151ab000-7f69151ba000 ---p 00000000 00:00 0 
7f69151ba000-7f69151db000 rw-p 00000000 00:00 0 
7f69151db000-7f691557b000 ---p 00000000 00:00 0 
7f691557b000-7f6915595000 r-xp 00000000 08:02 788080                     /usr/lib/jvm/java-8-oracle/jre/lib/amd64/libzip.so
7f6915595000-7f6915795000 ---p 0001a000 08:02 788080                     /usr/lib/jvm/java-8-oracle/jre/lib/amd64/libzip.so
7f6915795000-7f6915796000 rw-p 0001a000 08:02 788080                     /usr/lib/jvm/java-8-oracle/jre/lib/amd64/libzip.so
7f6915796000-7f69157a1000 r-xp 00000000 08:02 2363491                    /lib/x86_64-linux-gnu/libnss_files-2.19.so
7f69157a1000-7f69159a0000 ---p 0000b000 08:02 2363491                    /lib/x86_64-linux-gnu/libnss_files-2.19.so
7f69159a0000-7f69159a1000 r--p 0000a000 08:02 2363491                    /lib/x86_64-linux-gnu/libnss_files-2.19.so
7f69159a1000-7f69159a2000 rw-p 0000b000 08:02 2363491                    /lib/x86_64-linux-gnu/libnss_files-2.19.so
7f69159a2000-7f69159ad000 r-xp 00000000 08:02 2363501                    /lib/x86_64-linux-gnu/libnss_nis-2.19.so
7f69159ad000-7f6915bac000 ---p 0000b000 08:02 2363501                    /lib/x86_64-linux-gnu/libnss_nis-2.19.so
7f6915bac000-7f6915bad000 r--p 0000a000 08:02 2363501                    /lib/x86_64-linux-gnu/libnss_nis-2.19.so
7f6915bad000-7f6915bae000 rw-p 0000b000 08:02 2363501                    /lib/x86_64-linux-gnu/libnss_nis-2.19.so
7f6915bae000-7f6915bc5000 r-xp 00000000 08:02 2363485                    /lib/x86_64-linux-gnu/libnsl-2.19.so
7f6915bc5000-7f6915dc4000 ---p 00017000 08:02 2363485                    /lib/x86_64-linux-gnu/libnsl-2.19.so
7f6915dc4000-7f6915dc5000 r--p 00016000 08:02 2363485                    /lib/x86_64-linux-gnu/libnsl-2.19.so
7f6915dc5000-7f6915dc6000 rw-p 00017000 08:02 2363485                    /lib/x86_64-linux-gnu/libnsl-2.19.so
7f6915dc6000-7f6915dc8000 rw-p 00000000 00:00 0 
7f6915dc8000-7f6915dd1000 r-xp 00000000 08:02 2363487                    /lib/x86_64-linux-gnu/libnss_compat-2.19.so
7f6915dd1000-7f6915fd0000 ---p 00009000 08:02 2363487                    /lib/x86_64-linux-gnu/libnss_compat-2.19.so
7f6915fd0000-7f6915fd1000 r--p 00008000 08:02 2363487                    /lib/x86_64-linux-gnu/libnss_compat-2.19.so
7f6915fd1000-7f6915fd2000 rw-p 00009000 08:02 2363487                    /lib/x86_64-linux-gnu/libnss_compat-2.19.so
7f6915fd2000-7f6915fdc000 r-xp 00000000 08:02 788052                     /usr/lib/jvm/java-8-oracle/jre/lib/amd64/libinstrument.so
7f6915fdc000-7f69161db000 ---p 0000a000 08:02 788052                     /usr/lib/jvm/java-8-oracle/jre/lib/amd64/libinstrument.so
7f69161db000-7f69161dc000 rw-p 00009000 08:02 788052                     /usr/lib/jvm/java-8-oracle/jre/lib/amd64/libinstrument.so
7f69161dc000-7f6916206000 r-xp 00000000 08:02 788066                     /usr/lib/jvm/java-8-oracle/jre/lib/amd64/libjava.so
7f6916206000-7f6916406000 ---p 0002a000 08:02 788066                     /usr/lib/jvm/java-8-oracle/jre/lib/amd64/libjava.so
7f6916406000-7f6916408000 rw-p 0002a000 08:02 788066                     /usr/lib/jvm/java-8-oracle/jre/lib/amd64/libjava.so
7f6916408000-7f6916415000 r-xp 00000000 08:02 788074                     /usr/lib/jvm/java-8-oracle/jre/lib/amd64/libverify.so
7f6916415000-7f6916615000 ---p 0000d000 08:02 788074                     /usr/lib/jvm/java-8-oracle/jre/lib/amd64/libverify.so
7f6916615000-7f6916617000 rw-p 0000d000 08:02 788074                     /usr/lib/jvm/java-8-oracle/jre/lib/amd64/libverify.so
7f6916617000-7f691661e000 r-xp 00000000 08:02 2363544                    /lib/x86_64-linux-gnu/librt-2.19.so
7f691661e000-7f691681d000 ---p 00007000 08:02 2363544                    /lib/x86_64-linux-gnu/librt-2.19.so
7f691681d000-7f691681e000 r--p 00006000 08:02 2363544                    /lib/x86_64-linux-gnu/librt-2.19.so
7f691681e000-7f691681f000 rw-p 00007000 08:02 2363544                    /lib/x86_64-linux-gnu/librt-2.19.so
7f691681f000-7f6916924000 r-xp 00000000 08:02 2363466                    /lib/x86_64-linux-gnu/libm-2.19.so
7f6916924000-7f6916b23000 ---p 00105000 08:02 2363466                    /lib/x86_64-linux-gnu/libm-2.19.so
7f6916b23000-7f6916b24000 r--p 00104000 08:02 2363466                    /lib/x86_64-linux-gnu/libm-2.19.so
7f6916b24000-7f6916b25000 rw-p 00105000 08:02 2363466                    /lib/x86_64-linux-gnu/libm-2.19.so
7f6916b25000-7f69177d3000 r-xp 00000000 08:02 788064                     /usr/lib/jvm/java-8-oracle/jre/lib/amd64/server/libjvm.so
7f69177d3000-7f69179d2000 ---p 00cae000 08:02 788064                     /usr/lib/jvm/java-8-oracle/jre/lib/amd64/server/libjvm.so
7f69179d2000-7f6917aa9000 rw-p 00cad000 08:02 788064                     /usr/lib/jvm/java-8-oracle/jre/lib/amd64/server/libjvm.so
7f6917aa9000-7f6917aed000 rw-p 00000000 00:00 0 
7f6917aed000-7f6917ca8000 r-xp 00000000 08:02 2363416                    /lib/x86_64-linux-gnu/libc-2.19.so
7f6917ca8000-7f6917ea7000 ---p 001bb000 08:02 2363416                    /lib/x86_64-linux-gnu/libc-2.19.so
7f6917ea7000-7f6917eab000 r--p 001ba000 08:02 2363416                    /lib/x86_64-linux-gnu/libc-2.19.so
7f6917eab000-7f6917ead000 rw-p 001be000 08:02 2363416                    /lib/x86_64-linux-gnu/libc-2.19.so
7f6917ead000-7f6917eb2000 rw-p 00000000 00:00 0 
7f6917eb2000-7f6917eb5000 r-xp 00000000 08:02 2363433                    /lib/x86_64-linux-gnu/libdl-2.19.so
7f6917eb5000-7f69180b4000 ---p 00003000 08:02 2363433                    /lib/x86_64-linux-gnu/libdl-2.19.so
7f69180b4000-7f69180b5000 r--p 00002000 08:02 2363433                    /lib/x86_64-linux-gnu/libdl-2.19.so
7f69180b5000-7f69180b6000 rw-p 00003000 08:02 2363433                    /lib/x86_64-linux-gnu/libdl-2.19.so
7f69180b6000-7f69180cb000 r-xp 00000000 08:02 924739                     /usr/lib/jvm/java-8-oracle/lib/amd64/jli/libjli.so
7f69180cb000-7f69182cb000 ---p 00015000 08:02 924739                     /usr/lib/jvm/java-8-oracle/lib/amd64/jli/libjli.so
7f69182cb000-7f69182cc000 rw-p 00015000 08:02 924739                     /usr/lib/jvm/java-8-oracle/lib/amd64/jli/libjli.so
7f69182cc000-7f69182e5000 r-xp 00000000 08:02 2363536                    /lib/x86_64-linux-gnu/libpthread-2.19.so
7f69182e5000-7f69184e4000 ---p 00019000 08:02 2363536                    /lib/x86_64-linux-gnu/libpthread-2.19.so
7f69184e4000-7f69184e5000 r--p 00018000 08:02 2363536                    /lib/x86_64-linux-gnu/libpthread-2.19.so
7f69184e5000-7f69184e6000 rw-p 00019000 08:02 2363536                    /lib/x86_64-linux-gnu/libpthread-2.19.so
7f69184e6000-7f69184ea000 rw-p 00000000 00:00 0 
7f69184ea000-7f691850d000 r-xp 00000000 08:02 2363392                    /lib/x86_64-linux-gnu/ld-2.19.so
7f691850d000-7f691850f000 r--s 00017000 08:02 2889011                    /opt/eclipse/plugins/com.google.gwt.eclipse.sdkbundle_2.6.0/gwt-2.6.0/gwt-codeserver.jar
7f691850f000-7f6918510000 r--s 00003000 08:02 2887236                    /opt/eclipse/plugins/com.google.appengine.eclipse.sdkbundle_1.9.19/appengine-java-sdk-1.9.19/lib/opt/user/datanucleus/v2/jta-1.1.jar
7f6918510000-7f6918512000 r--s 0000a000 08:02 2887229                    /opt/eclipse/plugins/com.google.appengine.eclipse.sdkbundle_1.9.19/appengine-java-sdk-1.9.19/lib/opt/user/datanucleus/v2/asm-4.0.jar
7f6918512000-7f6918518000 r--s 0002c000 08:02 2887233                    /opt/eclipse/plugins/com.google.appengine.eclipse.sdkbundle_1.9.19/appengine-java-sdk-1.9.19/lib/opt/user/datanucleus/v2/jdo-api-3.0.1.jar
7f6918518000-7f6918519000 r--s 00001000 08:02 2887251                    /opt/eclipse/plugins/com.google.appengine.eclipse.sdkbundle_1.9.19/appengine-java-sdk-1.9.19/lib/opt/user/jsr107/v1/appengine-jsr107cache-1.9.19.jar
7f6918519000-7f691851a000 r--s 00001000 08:02 2887252                    /opt/eclipse/plugins/com.google.appengine.eclipse.sdkbundle_1.9.19/appengine-java-sdk-1.9.19/lib/opt/user/jsr107/v1/jsr107cache-1.1.jar
7f691851a000-7f691851c000 r--s 00004000 08:02 2887240                    /opt/eclipse/plugins/com.google.appengine.eclipse.sdkbundle_1.9.19/appengine-java-sdk-1.9.19/lib/opt/user/appengine-endpoints/v1/appengine-endpoints-deps.jar
7f691851c000-7f691851d000 r--s 00006000 08:02 2887191                    /opt/eclipse/plugins/com.google.appengine.eclipse.sdkbundle_1.9.19/appengine-java-sdk-1.9.19/lib/shared/jsp/repackaged-appengine-tomcat-juli-6.0.29.jar
7f691851d000-7f6918531000 r--s 0012b000 08:02 2887190                    /opt/eclipse/plugins/com.google.appengine.eclipse.sdkbundle_1.9.19/appengine-java-sdk-1.9.19/lib/shared/jsp/repackaged-appengine-ant-1.7.1.jar
7f6918531000-7f6918534000 r--s 00018000 08:02 2887186                    /opt/eclipse/plugins/com.google.appengine.eclipse.sdkbundle_1.9.19/appengine-java-sdk-1.9.19/lib/shared/jsp/repackaged-appengine-jasper-el-6.0.29.jar
7f6918534000-7f691853b000 r--s 0007a000 08:02 2887188                    /opt/eclipse/plugins/com.google.appengine.eclipse.sdkbundle_1.9.19/appengine-java-sdk-1.9.19/lib/shared/jsp/repackaged-appengine-jasper-6.0.29.jar
7f691853b000-7f691853d000 r--s 00011000 08:02 2887183                    /opt/eclipse/plugins/com.google.appengine.eclipse.sdkbundle_1.9.19/appengine-java-sdk-1.9.19/lib/shared/jsp-api.jar
7f691853d000-7f691855a000 rw-p 00000000 00:00 0 
7f691855a000-7f69185f2000 ---p 00000000 00:00 0 
7f69185f2000-7f69185f5000 ---p 00000000 00:00 0 
7f69185f5000-7f69186f7000 rw-p 00000000 00:00 0                          [stack:4843]
7f69186f7000-7f69186f8000 r--s 00002000 08:02 2887189                    /opt/eclipse/plugins/com.google.appengine.eclipse.sdkbundle_1.9.19/appengine-java-sdk-1.9.19/lib/shared/jsp/repackaged-appengine-ant-launcher-1.7.1.jar
7f69186f8000-7f69186fb000 r--s 00014000 08:02 2887184                    /opt/eclipse/plugins/com.google.appengine.eclipse.sdkbundle_1.9.19/appengine-java-sdk-1.9.19/lib/shared/servlet-api.jar
7f69186fb000-7f69186fd000 r--s 00006000 08:02 2887182                    /opt/eclipse/plugins/com.google.appengine.eclipse.sdkbundle_1.9.19/appengine-java-sdk-1.9.19/lib/shared/el-api.jar
7f69186fd000-7f6918700000 r--s 00039000 08:02 2887181                    /opt/eclipse/plugins/com.google.appengine.eclipse.sdkbundle_1.9.19/appengine-java-sdk-1.9.19/lib/shared/appengine-local-runtime-shared.jar
7f6918700000-7f6918708000 rw-s 00000000 08:02 3021723                    /tmp/hsperfdata_sergio/4838
7f6918708000-7f6918709000 rw-p 00000000 00:00 0 
7f6918709000-7f691870a000 r--p 00000000 00:00 0 
7f691870a000-7f691870c000 rw-p 00000000 00:00 0 
7f691870c000-7f691870d000 r--p 00022000 08:02 2363392                    /lib/x86_64-linux-gnu/ld-2.19.so
7f691870d000-7f691870e000 rw-p 00023000 08:02 2363392                    /lib/x86_64-linux-gnu/ld-2.19.so
7f691870e000-7f691870f000 rw-p 00000000 00:00 0 
7ffd5a49c000-7ffd5a4be000 rw-p 00000000 00:00 0                          [stack]
7ffd5a5be000-7ffd5a5c0000 r-xp 00000000 00:00 0                          [vdso]
7ffd5a5c0000-7ffd5a5c2000 r--p 00000000 00:00 0                          [vvar]
ffffffffff600000-ffffffffff601000 r-xp 00000000 00:00 0                  [vsyscall]

VM Arguments:
jvm_args: -Ddatastore.default_high_rep_job_policy_unapplied_job_pct=50 -Xmx512m -javaagent:/opt/eclipse/plugins/com.google.appengine.eclipse.sdkbundle_1.9.19/appengine-java-sdk-1.9.19/lib/agent/appengine-agent.jar -Dfile.encoding=UTF-8 
java_command: com.google.appengine.tools.development.DevAppServerMain --port=8888 /home/sergio/Programacion/Workspace/factGestor/es.upm.dit.isst.factGest/war
java_class_path (initial): /home/sergio/Programacion/Workspace/factGestor/es.upm.dit.isst.factGest/war/WEB-INF/classes:/opt/eclipse/plugins/com.google.appengine.eclipse.sdkbundle_1.9.19/appengine-java-sdk-1.9.19/lib/shared/appengine-local-runtime-shared.jar:/opt/eclipse/plugins/com.google.appengine.eclipse.sdkbundle_1.9.19/appengine-java-sdk-1.9.19/lib/shared/el-api.jar:/opt/eclipse/plugins/com.google.appengine.eclipse.sdkbundle_1.9.19/appengine-java-sdk-1.9.19/lib/shared/servlet-api.jar:/opt/eclipse/plugins/com.google.appengine.eclipse.sdkbundle_1.9.19/appengine-java-sdk-1.9.19/lib/shared/jsp-api.jar:/opt/eclipse/plugins/com.google.appengine.eclipse.sdkbundle_1.9.19/appengine-java-sdk-1.9.19/lib/shared/jsp/repackaged-appengine-jasper-6.0.29.jar:/opt/eclipse/plugins/com.google.appengine.eclipse.sdkbundle_1.9.19/appengine-java-sdk-1.9.19/lib/shared/jsp/repackaged-appengine-jasper-el-6.0.29.jar:/opt/eclipse/plugins/com.google.appengine.eclipse.sdkbundle_1.9.19/appengine-java-sdk-1.9.19/lib/shared/jsp/repackaged-appengine-ant-1.7.1.jar:/opt/eclipse/plugins/com.google.appengine.eclipse.sdkbundle_1.9.19/appengine-java-sdk-1.9.19/lib/shared/jsp/repackaged-appengine-ant-launcher-1.7.1.jar:/opt/eclipse/plugins/com.google.appengine.eclipse.sdkbundle_1.9.19/appengine-java-sdk-1.9.19/lib/shared/jsp/repackaged-appengine-tomcat-juli-6.0.29.jar:/opt/eclipse/plugins/com.google.appengine.eclipse.sdkbundle_1.9.19/appengine-java-sdk-1.9.19/lib/appengine-tools-api.jar:/opt/eclipse/plugins/com.google.appengine.eclipse.sdkbundle_1.9.19/appengine-java-sdk-1.9.19/lib/opt/user/appengine-api-labs/v1/appengine-api-labs.jar:/opt/eclipse/plugins/com.google.appengine.eclipse.sdkbundle_1.9.19/appengine-java-sdk-1.9.19/lib/opt/user/appengine-endpoints/v1/appengine-endpoints.jar:/opt/eclipse/plugins/com.google.appengine.eclipse.sdkbundle_1.9.19/appengine-java-sdk-1.9.19/lib/opt/user/appengine-endpoints/v1/appengine-endpoints-deps.jar:/opt/eclipse/plugins/com.google.appengine.eclipse.sdkbundle_1.
Launcher Type: SUN_STANDARD

Environment Variables:
PATH=/usr/local/sbin:/usr/local/bin:/usr/sbin:/usr/bin:/sbin:/bin:/usr/games:/usr/local/games
SHELL=/bin/bash
DISPLAY=:0

Signal Handlers:
SIGSEGV: [libjvm.so+0xaad1e0], sa_mask[0]=11111111011111111101111111111110, sa_flags=SA_RESTART|SA_SIGINFO
SIGBUS: [libjvm.so+0xaad1e0], sa_mask[0]=11111111011111111101111111111110, sa_flags=SA_RESTART|SA_SIGINFO
SIGFPE: [libjvm.so+0x90b450], sa_mask[0]=11111111011111111101111111111110, sa_flags=SA_RESTART|SA_SIGINFO
SIGPIPE: [libjvm.so+0x90b450], sa_mask[0]=11111111011111111101111111111110, sa_flags=SA_RESTART|SA_SIGINFO
SIGXFSZ: [libjvm.so+0x90b450], sa_mask[0]=11111111011111111101111111111110, sa_flags=SA_RESTART|SA_SIGINFO
SIGILL: [libjvm.so+0x90b450], sa_mask[0]=11111111011111111101111111111110, sa_flags=SA_RESTART|SA_SIGINFO
SIGUSR1: SIG_DFL, sa_mask[0]=00000000000000000000000000000000, sa_flags=none
SIGUSR2: [libjvm.so+0x90ca90], sa_mask[0]=00100000000000000000000000000000, sa_flags=SA_RESTART|SA_SIGINFO
SIGHUP: [libjvm.so+0x90dde0], sa_mask[0]=11111111011111111101111111111110, sa_flags=SA_RESTART|SA_SIGINFO
SIGINT: [libjvm.so+0x90dde0], sa_mask[0]=11111111011111111101111111111110, sa_flags=SA_RESTART|SA_SIGINFO
SIGTERM: [libjvm.so+0x90dde0], sa_mask[0]=11111111011111111101111111111110, sa_flags=SA_RESTART|SA_SIGINFO
SIGQUIT: [libjvm.so+0x90dde0], sa_mask[0]=11111111011111111101111111111110, sa_flags=SA_RESTART|SA_SIGINFO


---------------  S Y S T E M  ---------------

OS:DISTRIB_ID="elementary OS"
DISTRIB_RELEASE=0.3
DISTRIB_CODENAME=freya
DISTRIB_DESCRIPTION="elementary OS Freya"

uname:Linux 3.16.0-34-generic #47~14.04.1-Ubuntu SMP Fri Apr 10 17:49:16 UTC 2015 x86_64
libc:glibc 2.19 NPTL 2.19 
rlimit: STACK 8192k, CORE 0k, NPROC 15691, NOFILE 4096, AS infinity
load average:0,38 0,35 0,32

/proc/meminfo:
MemTotal:        4046736 kB
MemFree:          498688 kB
MemAvailable:    1839816 kB
Buffers:           66788 kB
Cached:          1426332 kB
SwapCached:            0 kB
Active:          2617292 kB
Inactive:         711840 kB
Active(anon):    1836908 kB
Inactive(anon):     8668 kB
Active(file):     780384 kB
Inactive(file):   703172 kB
Unevictable:           0 kB
Mlocked:               0 kB
SwapTotal:       2097148 kB
SwapFree:        2097148 kB
Dirty:               904 kB
Writeback:             0 kB
AnonPages:       1836244 kB
Mapped:           287192 kB
Shmem:              9560 kB
Slab:              81308 kB
SReclaimable:      53000 kB
SUnreclaim:        28308 kB
KernelStack:        8240 kB
PageTables:        28460 kB
NFS_Unstable:          0 kB
Bounce:                0 kB
WritebackTmp:          0 kB
CommitLimit:     4120516 kB
Committed_AS:    4737488 kB
VmallocTotal:   34359738367 kB
VmallocUsed:      307580 kB
VmallocChunk:   34359425532 kB
HardwareCorrupted:     0 kB
AnonHugePages:    894976 kB
HugePages_Total:       0
HugePages_Free:        0
HugePages_Rsvd:        0
HugePages_Surp:        0
Hugepagesize:       2048 kB
DirectMap4k:      142272 kB
DirectMap2M:     4050944 kB


CPU:total 4 (4 cores per cpu, 1 threads per core) family 6 model 23 stepping 7, cmov, cx8, fxsr, mmx, sse, sse2, sse3, ssse3, sse4.1, tsc

/proc/cpuinfo:
processor	: 0
vendor_id	: GenuineIntel
cpu family	: 6
model		: 23
model name	: Intel(R) Core(TM)2 Quad  CPU   Q9550  @ 2.83GHz
stepping	: 7
microcode	: 0x705
cpu MHz		: 2834.000
cache size	: 6144 KB
physical id	: 0
siblings	: 4
core id		: 0
cpu cores	: 4
apicid		: 0
initial apicid	: 0
fpu		: yes
fpu_exception	: yes
cpuid level	: 10
wp		: yes
flags		: fpu vme de pse tsc msr pae mce cx8 apic sep mtrr pge mca cmov pat pse36 clflush dts acpi mmx fxsr sse sse2 ss ht tm pbe syscall nx lm constant_tsc arch_perfmon pebs bts rep_good nopl aperfmperf pni dtes64 monitor ds_cpl vmx smx est tm2 ssse3 cx16 xtpr pdcm sse4_1 lahf_lm dtherm tpr_shadow vnmi flexpriority
bogomips	: 5666.28
clflush size	: 64
cache_alignment	: 64
address sizes	: 36 bits physical, 48 bits virtual
power management:

processor	: 1
vendor_id	: GenuineIntel
cpu family	: 6
model		: 23
model name	: Intel(R) Core(TM)2 Quad  CPU   Q9550  @ 2.83GHz
stepping	: 7
microcode	: 0x705
cpu MHz		: 2834.000
cache size	: 6144 KB
physical id	: 0
siblings	: 4
core id		: 2
cpu cores	: 4
apicid		: 2
initial apicid	: 2
fpu		: yes
fpu_exception	: yes
cpuid level	: 10
wp		: yes
flags		: fpu vme de pse tsc msr pae mce cx8 apic sep mtrr pge mca cmov pat pse36 clflush dts acpi mmx fxsr sse sse2 ss ht tm pbe syscall nx lm constant_tsc arch_perfmon pebs bts rep_good nopl aperfmperf pni dtes64 monitor ds_cpl vmx smx est tm2 ssse3 cx16 xtpr pdcm sse4_1 lahf_lm dtherm tpr_shadow vnmi flexpriority
bogomips	: 5666.28
clflush size	: 64
cache_alignment	: 64
address sizes	: 36 bits physical, 48 bits virtual
power management:

processor	: 2
vendor_id	: GenuineIntel
cpu family	: 6
model		: 23
model name	: Intel(R) Core(TM)2 Quad  CPU   Q9550  @ 2.83GHz
stepping	: 7
microcode	: 0x705
cpu MHz		: 2834.000
cache size	: 6144 KB
physical id	: 0
siblings	: 4
core id		: 3
cpu cores	: 4
apicid		: 3
initial apicid	: 3
fpu		: yes
fpu_exception	: yes
cpuid level	: 10
wp		: yes
flags		: fpu vme de pse tsc msr pae mce cx8 apic sep mtrr pge mca cmov pat pse36 clflush dts acpi mmx fxsr sse sse2 ss ht tm pbe syscall nx lm constant_tsc arch_perfmon pebs bts rep_good nopl aperfmperf pni dtes64 monitor ds_cpl vmx smx est tm2 ssse3 cx16 xtpr pdcm sse4_1 lahf_lm dtherm tpr_shadow vnmi flexpriority
bogomips	: 5666.28
clflush size	: 64
cache_alignment	: 64
address sizes	: 36 bits physical, 48 bits virtual
power management:

processor	: 3
vendor_id	: GenuineIntel
cpu family	: 6
model		: 23
model name	: Intel(R) Core(TM)2 Quad  CPU   Q9550  @ 2.83GHz
stepping	: 7
microcode	: 0x705
cpu MHz		: 2834.000
cache size	: 6144 KB
physical id	: 0
siblings	: 4
core id		: 1
cpu cores	: 4
apicid		: 1
initial apicid	: 1
fpu		: yes
fpu_exception	: yes
cpuid level	: 10
wp		: yes
flags		: fpu vme de pse tsc msr pae mce cx8 apic sep mtrr pge mca cmov pat pse36 clflush dts acpi mmx fxsr sse sse2 ss ht tm pbe syscall nx lm constant_tsc arch_perfmon pebs bts rep_good nopl aperfmperf pni dtes64 monitor ds_cpl vmx smx est tm2 ssse3 cx16 xtpr pdcm sse4_1 lahf_lm dtherm tpr_shadow vnmi flexpriority
bogomips	: 5666.28
clflush size	: 64
cache_alignment	: 64
address sizes	: 36 bits physical, 48 bits virtual
power management:



Memory: 4k page, physical 4046736k(498688k free), swap 2097148k(2097148k free)

vm_info: Java HotSpot(TM) 64-Bit Server VM (25.45-b02) for linux-amd64 JRE (1.8.0_45-b14), built on Apr 10 2015 10:07:45 by "java_re" with gcc 4.3.0 20080428 (Red Hat 4.3.0-8)

time: Sun Apr 26 18:09:58 2015
elapsed time: 17 seconds (0d 0h 0m 17s)

