#
# A fatal error has been detected by the Java Runtime Environment:
#
#  SIGSEGV (0xb) at pc=0x00007f03e6005060, pid=4296, tid=139656195356416
#
# JRE version: Java(TM) SE Runtime Environment (8.0_45-b14) (build 1.8.0_45-b14)
# Java VM: Java HotSpot(TM) 64-Bit Server VM (25.45-b02 mixed mode linux-amd64 compressed oops)
# Problematic frame:
# C  0x00007f03e6005060
#
# Failed to write core dump. Core dumps have been disabled. To enable core dumping, try "ulimit -c unlimited" before starting Java again
#
# If you would like to submit a bug report, please visit:
#   http://bugreport.java.com/bugreport/crash.jsp
#

---------------  T H R E A D  ---------------

Current thread (0x00007f043400b800):  JavaThread "main" [_thread_in_Java, id=4299, stack(0x00007f043dda3000,0x00007f043dea4000)]

siginfo: si_signo: 11 (SIGSEGV), si_code: 1 (SEGV_MAPERR), si_addr: 0x00007f03e6005060

Registers:
RAX=0x00007f0424ab9738, RBX=0x0000000000001b80, RCX=0x07fffffe07fffffe, RDX=0x0000000000000000
RSP=0x00007f043dea1768, RBP=0x00007f043dea1838, RSI=0x0000000000000066, RDI=0x00007f0424ad3a58
R8 =0x0000000080000000, R9 =0x0000000000000001, R10=0x00007f043d2759c0, R11=0x00007f0425127c80
R12=0x0000000000000000, R13=0x00007f043dea17d0, R14=0x00007f043dea1890, R15=0x00007f043400b800
RIP=0x00007f03e6005060, EFLAGS=0x0000000000010212, CSGSFS=0x0000000000000033, ERR=0x0000000000000014
  TRAPNO=0x000000000000000e

Top of Stack: (sp=0x00007f043dea1768)
0x00007f043dea1768:   00007f0425127cdc 00007f043dea17c0
0x00007f043dea1778:   00007f0424919a00 00007f0424a31c68
0x00007f043dea1788:   00007f0424874240 0000000000000000
0x00007f043dea1798:   00007f043dea17d0 00007f043dea18c0
0x00007f043dea17a8:   00007f042510d464 00007f043dea1838
0x00007f043dea17b8:   00007f0425007160 00007f043dea18c0
0x00007f043dea17c8:   00007f0425007160 07fffffe07fffffe
0x00007f043dea17d8:   00007f0425007230 0000000000000000
0x00007f043dea17e8:   0000000000000000 0000000000000066
0x00007f043dea17f8:   00007f043dea17f8 00007f0424abdcb6
0x00007f043dea1808:   00007f043dea1890 00007f0424abeed8
0x00007f043dea1818:   0000000000000000 00007f0424abdd00
0x00007f043dea1828:   00007f043dea17d0 00007f043dea1860
0x00007f043dea1838:   00007f043dea18d8 00007f04250073d0
0x00007f043dea1848:   0000000000000000 0000000000000066
0x00007f043dea1858:   0000000000000000 07fffffe07fffffe
0x00007f043dea1868:   00000000eb8edc90 0000000000000000
0x00007f043dea1878:   0000000000000000 0000000000000001
0x00007f043dea1888:   0000000000000000 00000000eb8edf80
0x00007f043dea1898:   00007f043dea1898 00007f0424abdd8e
0x00007f043dea18a8:   00007f043dea1928 00007f0424abeed8
0x00007f043dea18b8:   0000000000000000 00007f0424abddc0
0x00007f043dea18c8:   00007f043dea1860 00007f043dea18f0
0x00007f043dea18d8:   00007f043dea1970 00007f042500798d
0x00007f043dea18e8:   0000000000000000 00000000eb892dc0
0x00007f043dea18f8:   07fffffe07fffffe 00007f043dea1970
0x00007f043dea1908:   0000000000000000 00000000eb8ede20
0x00007f043dea1918:   0000000000000001 0000000000000000
0x00007f043dea1928:   00000000eb8edf80 00007f043dea1930
0x00007f043dea1938:   00007f0424abde52 00007f043dea19b0
0x00007f043dea1948:   00007f0424abeed8 0000000000000000
0x00007f043dea1958:   00007f0424abde60 00007f043dea18f0 

Instructions: (pc=0x00007f03e6005060)
0x00007f03e6005040:   
[error occurred during error reporting (printing registers, top of stack, instructions near pc), id 0xb]

Register to memory mapping:

RAX={method} {0x00007f0424ab9738} 'access$300' '(CJJ)Z' in 'java/net/URI'
RBX=0x0000000000001b80 is an unknown value
RCX=0x07fffffe07fffffe is an unknown value
RDX=0x0000000000000000 is an unknown value
RSP=0x00007f043dea1768 is pointing into the stack for thread: 0x00007f043400b800
RBP=0x00007f043dea1838 is pointing into the stack for thread: 0x00007f043400b800
RSI=0x0000000000000066 is an unknown value
RDI=0x00007f0424ad3a58 is pointing into metadata
R8 =0x0000000080000000 is an unknown value
R9 =0x0000000000000001 is an unknown value
R10=0x00007f043d2759c0: <offset 0xf9f9c0> in /usr/lib/jvm/java-8-oracle/jre/lib/amd64/server/libjvm.so at 0x00007f043c2d6000
R11=0x00007f0425127c80 is at entry_point+0 in (nmethod*)0x00007f0425127b10
R12=0x0000000000000000 is an unknown value
R13=0x00007f043dea17d0 is pointing into the stack for thread: 0x00007f043400b800
R14=0x00007f043dea1890 is pointing into the stack for thread: 0x00007f043400b800
R15=0x00007f043400b800 is a thread


Stack: [0x00007f043dda3000,0x00007f043dea4000],  sp=0x00007f043dea1768,  free space=1017k
Native frames: (J=compiled Java code, j=interpreted, Vv=VM code, C=native code)
C  0x00007f03e6005060
j  java.net.URI$Parser.checkChars(IIJJLjava/lang/String;)V+6
j  java.net.URI$Parser.checkChar(IJJLjava/lang/String;)V+10
j  java.net.URI$Parser.parse(Z)V+62
j  java.net.URI.<init>(Ljava/lang/String;Ljava/lang/String;Ljava/lang/String;ILjava/lang/String;Ljava/lang/String;Ljava/lang/String;)V+77
j  java.net.URI.<init>(Ljava/lang/String;Ljava/lang/String;Ljava/lang/String;Ljava/lang/String;)V+9
j  java.io.File.toURI()Ljava/net/URI;+55
j  com.google.appengine.tools.info.OptionalLib.toURLs(Ljava/util/List;)Ljava/util/List;+38
j  com.google.appengine.tools.info.OptionalLib.buildURLsByVersion(Ljava/util/Map;)Ljava/util/Map;+59
j  com.google.appengine.tools.info.OptionalLib.<init>(Ljava/lang/String;Ljava/lang/String;Ljava/util/Map;)V+139
j  com.google.appengine.tools.info.SdkInfo.determineOptionalLibs(Ljava/io/File;)Ljava/util/SortedMap;+125
j  com.google.appengine.tools.info.SdkInfo.determineOptionalToolsLibs()Ljava/util/SortedMap;+13
j  com.google.appengine.tools.info.SdkInfo.init()V+139
j  com.google.appengine.tools.info.SdkInfo.getSdkRoot()Ljava/io/File;+0
j  com.google.appengine.tools.info.SdkImplInfo.<clinit>()V+0
v  ~StubRoutines::call_stub
V  [libjvm.so+0x681a26]  JavaCalls::call_helper(JavaValue*, methodHandle*, JavaCallArguments*, Thread*)+0x1056
V  [libjvm.so+0x634fd7]  InstanceKlass::call_class_initializer_impl(instanceKlassHandle, Thread*)+0xd7
V  [libjvm.so+0x636c2c]  InstanceKlass::initialize_impl(instanceKlassHandle, Thread*)+0x1ac
V  [libjvm.so+0x636fe1]  InstanceKlass::initialize(Thread*)+0x41
V  [libjvm.so+0x7e9756]  LinkResolver::resolve_static_call(CallInfo&, KlassHandle&, Symbol*, Symbol*, KlassHandle, bool, bool, Thread*)+0x246
V  [libjvm.so+0x7e99df]  LinkResolver::resolve_invokestatic(CallInfo&, constantPoolHandle, int, Thread*)+0x23f
V  [libjvm.so+0x7e9f11]  LinkResolver::resolve_invoke(CallInfo&, Handle, constantPoolHandle, int, Bytecodes::Code, Thread*)+0x4f1
V  [libjvm.so+0x67a972]  InterpreterRuntime::resolve_invoke(JavaThread*, Bytecodes::Code)+0x1b2
j  com.google.appengine.tools.util.Logging.initializeLogging()V+10
j  com.google.appengine.tools.enhancer.Enhance.main([Ljava/lang/String;)V+0
v  ~StubRoutines::call_stub
V  [libjvm.so+0x681a26]  JavaCalls::call_helper(JavaValue*, methodHandle*, JavaCallArguments*, Thread*)+0x1056
V  [libjvm.so+0x6c3692]  jni_invoke_static(JNIEnv_*, JavaValue*, _jobject*, JNICallType, _jmethodID*, JNI_ArgumentPusher*, Thread*)+0x362
V  [libjvm.so+0x6e009a]  jni_CallStaticVoidMethod+0x17a
C  [libjli.so+0x7bcc]  JavaMain+0x80c
C  [libpthread.so.0+0x8182]  start_thread+0xc2


---------------  P R O C E S S  ---------------

Java Threads: ( => current thread )
  0x00007f04340c4000 JavaThread "Service Thread" daemon [_thread_blocked, id=4311, stack(0x00007f041ebf2000,0x00007f041ecf3000)]
  0x00007f04340be800 JavaThread "C1 CompilerThread2" daemon [_thread_blocked, id=4310, stack(0x00007f041ecf3000,0x00007f041edf4000)]
  0x00007f04340bd000 JavaThread "C2 CompilerThread1" daemon [_thread_blocked, id=4309, stack(0x00007f041edf4000,0x00007f041eef5000)]
  0x00007f04340ba000 JavaThread "C2 CompilerThread0" daemon [_thread_blocked, id=4308, stack(0x00007f041eef5000,0x00007f041eff6000)]
  0x00007f04340b8800 JavaThread "Signal Dispatcher" daemon [_thread_blocked, id=4307, stack(0x00007f041eff6000,0x00007f041f0f7000)]
  0x00007f0434080800 JavaThread "Finalizer" daemon [_thread_blocked, id=4306, stack(0x00007f041f4f5000,0x00007f041f5f6000)]
  0x00007f043407e800 JavaThread "Reference Handler" daemon [_thread_blocked, id=4305, stack(0x00007f041f5f6000,0x00007f041f6f7000)]
=>0x00007f043400b800 JavaThread "main" [_thread_in_Java, id=4299, stack(0x00007f043dda3000,0x00007f043dea4000)]

Other Threads:
  0x00007f0434079800 VMThread [stack: 0x00007f041f6f7000,0x00007f041f7f8000] [id=4304]
  0x00007f04340c6800 WatcherThread [stack: 0x00007f041eaf1000,0x00007f041ebf2000] [id=4312]

VM state:not at safepoint (normal execution)

VM Mutex/Monitor currently owned by a thread: None

Heap:
 PSYoungGen      total 18432K, used 2223K [0x00000000eb700000, 0x00000000ecb80000, 0x0000000100000000)
  eden space 15872K, 14% used [0x00000000eb700000,0x00000000eb92bca8,0x00000000ec680000)
  from space 2560K, 0% used [0x00000000ec900000,0x00000000ec900000,0x00000000ecb80000)
  to   space 2560K, 0% used [0x00000000ec680000,0x00000000ec680000,0x00000000ec900000)
 ParOldGen       total 42496K, used 0K [0x00000000c2400000, 0x00000000c4d80000, 0x00000000eb700000)
  object space 42496K, 0% used [0x00000000c2400000,0x00000000c2400000,0x00000000c4d80000)
 Metaspace       used 3304K, capacity 4564K, committed 4864K, reserved 1056768K
  class space    used 353K, capacity 388K, committed 512K, reserved 1048576K

Card table byte_map: [0x00007f043a987000,0x00007f043ab76000] byte_map_base: 0x00007f043a375000

Marking Bits: (ParMarkBitMap*) 0x00007f043d273760
 Begin Bits: [0x00007f0438559000, 0x00007f04394c9000)
 End Bits:   [0x00007f04394c9000, 0x00007f043a439000)

Polling page: 0x00007f043deba000

CodeCache: size=245760Kb used=1225Kb max_used=1226Kb free=244534Kb
 bounds [0x00007f0425000000, 0x00007f0425270000, 0x00007f0434000000]
 total_blobs=325 nmethods=77 adapters=164
 compilation: enabled

Compilation events (10 events):
Event: 0,104 Thread 0x00007f04340be800   73       3       java.net.URI::access$300 (7 bytes)
Event: 0,104 Thread 0x00007f04340be800 nmethod 73 0x00007f0425127b10 code [0x00007f0425127c80, 0x00007f0425127de8]
Event: 0,104 Thread 0x00007f04340be800   65       3       java.lang.AbstractStringBuilder::ensureCapacityInternal (16 bytes)
Event: 0,104 Thread 0x00007f04340be800 nmethod 65 0x00007f0425127690 code [0x00007f0425127800, 0x00007f0425127a48]
Event: 0,104 Thread 0x00007f04340be800   62       3       java.lang.Character::toLowerCase (6 bytes)
Event: 0,104 Thread 0x00007f04340ba000   74       4       java.lang.String::indexOf (7 bytes)
Event: 0,104 Thread 0x00007f04340bd000   75       4       java.net.URI$Parser::charAt (9 bytes)
Event: 0,105 Thread 0x00007f04340bd000 nmethod 75 0x00007f0425125e10 code [0x00007f0425125f60, 0x00007f0425126058]
Event: 0,105 Thread 0x00007f04340bd000   76       4       java.net.URI::match (56 bytes)
Event: 0,106 Thread 0x00007f04340bd000 nmethod 76 0x00007f0425132550 code [0x00007f04251326a0, 0x00007f0425132798]

GC Heap History (0 events):
No events

Deoptimization events (0 events):
No events

Internal exceptions (2 events):
Event: 0,025 Thread 0x00007f043400b800 Exception <a 'java/lang/NoSuchMethodError': Method sun.misc.Unsafe.defineClass(Ljava/lang/String;[BII)Ljava/lang/Class; name or signature does not match> (0x00000000eb712a38) thrown at [/RE-WORK/workspace/8-2-build-linux-amd64/jdk8u45/3457/hotspot/src/sha
Event: 0,025 Thread 0x00007f043400b800 Exception <a 'java/lang/NoSuchMethodError': Method sun.misc.Unsafe.prefetchRead(Ljava/lang/Object;J)V name or signature does not match> (0x00000000eb712cc8) thrown at [/RE-WORK/workspace/8-2-build-linux-amd64/jdk8u45/3457/hotspot/src/share/vm/prims/jni.cp

Events (10 events):
Event: 0,101 loading class java/util/SortedSet
Event: 0,101 loading class java/util/SortedSet done
Event: 0,101 loading class java/util/NavigableSet done
Event: 0,101 loading class java/util/TreeMap$KeySet done
Event: 0,101 loading class java/util/TreeMap$KeyIterator
Event: 0,101 loading class java/util/TreeMap$KeyIterator done
Event: 0,105 loading class java/util/Collections$UnmodifiableSortedMap
Event: 0,105 loading class java/util/Collections$UnmodifiableMap
Event: 0,105 loading class java/util/Collections$UnmodifiableMap done
Event: 0,105 loading class java/util/Collections$UnmodifiableSortedMap done


Dynamic libraries:
00400000-00401000 r-xp 00000000 08:02 1190018                            /usr/lib/jvm/java-8-oracle/bin/java
00600000-00601000 rw-p 00000000 08:02 1190018                            /usr/lib/jvm/java-8-oracle/bin/java
0101d000-0103e000 rw-p 00000000 00:00 0                                  [heap]
c2400000-c4d80000 rw-p 00000000 00:00 0 
c4d80000-eb700000 ---p 00000000 00:00 0 
eb700000-ecb80000 rw-p 00000000 00:00 0 
ecb80000-100000000 ---p 00000000 00:00 0 
100000000-100080000 rw-p 00000000 00:00 0 
100080000-140000000 ---p 00000000 00:00 0 
7f03e8000000-7f03e8021000 rw-p 00000000 00:00 0 
7f03e8021000-7f03ec000000 ---p 00000000 00:00 0 
7f03f0000000-7f03f010c000 rw-p 00000000 00:00 0 
7f03f010c000-7f03f4000000 ---p 00000000 00:00 0 
7f03f4000000-7f03f4021000 rw-p 00000000 00:00 0 
7f03f4021000-7f03f8000000 ---p 00000000 00:00 0 
7f03f8000000-7f03f8040000 rw-p 00000000 00:00 0 
7f03f8040000-7f03fc000000 ---p 00000000 00:00 0 
7f03fc000000-7f03fc082000 rw-p 00000000 00:00 0 
7f03fc082000-7f0400000000 ---p 00000000 00:00 0 
7f0400000000-7f0400021000 rw-p 00000000 00:00 0 
7f0400021000-7f0404000000 ---p 00000000 00:00 0 
7f0404000000-7f0404021000 rw-p 00000000 00:00 0 
7f0404021000-7f0408000000 ---p 00000000 00:00 0 
7f0408000000-7f0408021000 rw-p 00000000 00:00 0 
7f0408021000-7f040c000000 ---p 00000000 00:00 0 
7f040c000000-7f040c021000 rw-p 00000000 00:00 0 
7f040c021000-7f0410000000 ---p 00000000 00:00 0 
7f0410000000-7f0410021000 rw-p 00000000 00:00 0 
7f0410021000-7f0414000000 ---p 00000000 00:00 0 
7f0414000000-7f0414021000 rw-p 00000000 00:00 0 
7f0414021000-7f0418000000 ---p 00000000 00:00 0 
7f0418000000-7f0418021000 rw-p 00000000 00:00 0 
7f0418021000-7f041c000000 ---p 00000000 00:00 0 
7f041e86d000-7f041eaf1000 rw-p 00000000 00:00 0 
7f041eaf1000-7f041eaf2000 ---p 00000000 00:00 0 
7f041eaf2000-7f041ebf2000 rw-p 00000000 00:00 0                          [stack:4312]
7f041ebf2000-7f041ebf5000 ---p 00000000 00:00 0 
7f041ebf5000-7f041ecf3000 rw-p 00000000 00:00 0                          [stack:4311]
7f041ecf3000-7f041ecf6000 ---p 00000000 00:00 0 
7f041ecf6000-7f041edf4000 rw-p 00000000 00:00 0                          [stack:4310]
7f041edf4000-7f041edf7000 ---p 00000000 00:00 0 
7f041edf7000-7f041eef5000 rw-p 00000000 00:00 0                          [stack:4309]
7f041eef5000-7f041eef8000 ---p 00000000 00:00 0 
7f041eef8000-7f041eff6000 rw-p 00000000 00:00 0                          [stack:4308]
7f041eff6000-7f041eff9000 ---p 00000000 00:00 0 
7f041eff9000-7f041f0f7000 rw-p 00000000 00:00 0                          [stack:4307]
7f041f0f7000-7f041f4f5000 r--p 00000000 08:02 790760                     /usr/lib/locale/locale-archive
7f041f4f5000-7f041f4f8000 ---p 00000000 00:00 0 
7f041f4f8000-7f041f5f6000 rw-p 00000000 00:00 0                          [stack:4306]
7f041f5f6000-7f041f5f9000 ---p 00000000 00:00 0 
7f041f5f9000-7f041f6f7000 rw-p 00000000 00:00 0                          [stack:4305]
7f041f6f7000-7f041f6f8000 ---p 00000000 00:00 0 
7f041f6f8000-7f0420000000 rw-p 00000000 00:00 0                          [stack:4304]
7f0420000000-7f0420021000 rw-p 00000000 00:00 0 
7f0420021000-7f0424000000 ---p 00000000 00:00 0 
7f0424054000-7f04240f9000 r--s 00768000 08:02 2887128                    /opt/eclipse/plugins/com.google.appengine.eclipse.sdkbundle_1.9.19/appengine-java-sdk-1.9.19/lib/appengine-tools-api.jar
7f04240f9000-7f0424c40000 rw-p 00000000 00:00 0 
7f0424c40000-7f0425000000 ---p 00000000 00:00 0 
7f0425000000-7f0425270000 rwxp 00000000 00:00 0 
7f0425270000-7f0434000000 ---p 00000000 00:00 0 
7f0434000000-7f04341f3000 rw-p 00000000 00:00 0 
7f04341f3000-7f0438000000 ---p 00000000 00:00 0 
7f0438052000-7f0438055000 rw-p 00000000 00:00 0 
7f0438055000-7f0438056000 r--s 00006000 08:02 2887191                    /opt/eclipse/plugins/com.google.appengine.eclipse.sdkbundle_1.9.19/appengine-java-sdk-1.9.19/lib/shared/jsp/repackaged-appengine-tomcat-juli-6.0.29.jar
7f0438056000-7f043806a000 r--s 0012b000 08:02 2887190                    /opt/eclipse/plugins/com.google.appengine.eclipse.sdkbundle_1.9.19/appengine-java-sdk-1.9.19/lib/shared/jsp/repackaged-appengine-ant-1.7.1.jar
7f043806a000-7f043811c000 rw-p 00000000 00:00 0 
7f043811c000-7f04382f5000 r--s 03d09000 08:02 788187                     /usr/lib/jvm/java-8-oracle/jre/lib/rt.jar
7f04382f5000-7f043a439000 rw-p 00000000 00:00 0 
7f043a439000-7f043a43a000 ---p 00000000 00:00 0 
7f043a43a000-7f043a53a000 rw-p 00000000 00:00 0                          [stack:4303]
7f043a53a000-7f043a53b000 ---p 00000000 00:00 0 
7f043a53b000-7f043a63b000 rw-p 00000000 00:00 0                          [stack:4302]
7f043a63b000-7f043a63c000 ---p 00000000 00:00 0 
7f043a63c000-7f043a73c000 rw-p 00000000 00:00 0                          [stack:4301]
7f043a73c000-7f043a73d000 ---p 00000000 00:00 0 
7f043a73d000-7f043a852000 rw-p 00000000 00:00 0                          [stack:4300]
7f043a852000-7f043a987000 ---p 00000000 00:00 0 
7f043a987000-7f043a99c000 rw-p 00000000 00:00 0 
7f043a99c000-7f043aad0000 ---p 00000000 00:00 0 
7f043aad0000-7f043aadb000 rw-p 00000000 00:00 0 
7f043aadb000-7f043ab75000 ---p 00000000 00:00 0 
7f043ab75000-7f043ab80000 rw-p 00000000 00:00 0 
7f043ab80000-7f043af36000 ---p 00000000 00:00 0 
7f043af36000-7f043af50000 r-xp 00000000 08:02 788080                     /usr/lib/jvm/java-8-oracle/jre/lib/amd64/libzip.so
7f043af50000-7f043b150000 ---p 0001a000 08:02 788080                     /usr/lib/jvm/java-8-oracle/jre/lib/amd64/libzip.so
7f043b150000-7f043b151000 rw-p 0001a000 08:02 788080                     /usr/lib/jvm/java-8-oracle/jre/lib/amd64/libzip.so
7f043b151000-7f043b15c000 r-xp 00000000 08:02 2363491                    /lib/x86_64-linux-gnu/libnss_files-2.19.so
7f043b15c000-7f043b35b000 ---p 0000b000 08:02 2363491                    /lib/x86_64-linux-gnu/libnss_files-2.19.so
7f043b35b000-7f043b35c000 r--p 0000a000 08:02 2363491                    /lib/x86_64-linux-gnu/libnss_files-2.19.so
7f043b35c000-7f043b35d000 rw-p 0000b000 08:02 2363491                    /lib/x86_64-linux-gnu/libnss_files-2.19.so
7f043b35d000-7f043b368000 r-xp 00000000 08:02 2363501                    /lib/x86_64-linux-gnu/libnss_nis-2.19.so
7f043b368000-7f043b567000 ---p 0000b000 08:02 2363501                    /lib/x86_64-linux-gnu/libnss_nis-2.19.so
7f043b567000-7f043b568000 r--p 0000a000 08:02 2363501                    /lib/x86_64-linux-gnu/libnss_nis-2.19.so
7f043b568000-7f043b569000 rw-p 0000b000 08:02 2363501                    /lib/x86_64-linux-gnu/libnss_nis-2.19.so
7f043b569000-7f043b580000 r-xp 00000000 08:02 2363485                    /lib/x86_64-linux-gnu/libnsl-2.19.so
7f043b580000-7f043b77f000 ---p 00017000 08:02 2363485                    /lib/x86_64-linux-gnu/libnsl-2.19.so
7f043b77f000-7f043b780000 r--p 00016000 08:02 2363485                    /lib/x86_64-linux-gnu/libnsl-2.19.so
7f043b780000-7f043b781000 rw-p 00017000 08:02 2363485                    /lib/x86_64-linux-gnu/libnsl-2.19.so
7f043b781000-7f043b783000 rw-p 00000000 00:00 0 
7f043b783000-7f043b78c000 r-xp 00000000 08:02 2363487                    /lib/x86_64-linux-gnu/libnss_compat-2.19.so
7f043b78c000-7f043b98b000 ---p 00009000 08:02 2363487                    /lib/x86_64-linux-gnu/libnss_compat-2.19.so
7f043b98b000-7f043b98c000 r--p 00008000 08:02 2363487                    /lib/x86_64-linux-gnu/libnss_compat-2.19.so
7f043b98c000-7f043b98d000 rw-p 00009000 08:02 2363487                    /lib/x86_64-linux-gnu/libnss_compat-2.19.so
7f043b98d000-7f043b9b7000 r-xp 00000000 08:02 788066                     /usr/lib/jvm/java-8-oracle/jre/lib/amd64/libjava.so
7f043b9b7000-7f043bbb7000 ---p 0002a000 08:02 788066                     /usr/lib/jvm/java-8-oracle/jre/lib/amd64/libjava.so
7f043bbb7000-7f043bbb9000 rw-p 0002a000 08:02 788066                     /usr/lib/jvm/java-8-oracle/jre/lib/amd64/libjava.so
7f043bbb9000-7f043bbc6000 r-xp 00000000 08:02 788074                     /usr/lib/jvm/java-8-oracle/jre/lib/amd64/libverify.so
7f043bbc6000-7f043bdc6000 ---p 0000d000 08:02 788074                     /usr/lib/jvm/java-8-oracle/jre/lib/amd64/libverify.so
7f043bdc6000-7f043bdc8000 rw-p 0000d000 08:02 788074                     /usr/lib/jvm/java-8-oracle/jre/lib/amd64/libverify.so
7f043bdc8000-7f043bdcf000 r-xp 00000000 08:02 2363544                    /lib/x86_64-linux-gnu/librt-2.19.so
7f043bdcf000-7f043bfce000 ---p 00007000 08:02 2363544                    /lib/x86_64-linux-gnu/librt-2.19.so
7f043bfce000-7f043bfcf000 r--p 00006000 08:02 2363544                    /lib/x86_64-linux-gnu/librt-2.19.so
7f043bfcf000-7f043bfd0000 rw-p 00007000 08:02 2363544                    /lib/x86_64-linux-gnu/librt-2.19.so
7f043bfd0000-7f043c0d5000 r-xp 00000000 08:02 2363466                    /lib/x86_64-linux-gnu/libm-2.19.so
7f043c0d5000-7f043c2d4000 ---p 00105000 08:02 2363466                    /lib/x86_64-linux-gnu/libm-2.19.so
7f043c2d4000-7f043c2d5000 r--p 00104000 08:02 2363466                    /lib/x86_64-linux-gnu/libm-2.19.so
7f043c2d5000-7f043c2d6000 rw-p 00105000 08:02 2363466                    /lib/x86_64-linux-gnu/libm-2.19.so
7f043c2d6000-7f043cf84000 r-xp 00000000 08:02 788064                     /usr/lib/jvm/java-8-oracle/jre/lib/amd64/server/libjvm.so
7f043cf84000-7f043d183000 ---p 00cae000 08:02 788064                     /usr/lib/jvm/java-8-oracle/jre/lib/amd64/server/libjvm.so
7f043d183000-7f043d25a000 rw-p 00cad000 08:02 788064                     /usr/lib/jvm/java-8-oracle/jre/lib/amd64/server/libjvm.so
7f043d25a000-7f043d29e000 rw-p 00000000 00:00 0 
7f043d29e000-7f043d459000 r-xp 00000000 08:02 2363416                    /lib/x86_64-linux-gnu/libc-2.19.so
7f043d459000-7f043d658000 ---p 001bb000 08:02 2363416                    /lib/x86_64-linux-gnu/libc-2.19.so
7f043d658000-7f043d65c000 r--p 001ba000 08:02 2363416                    /lib/x86_64-linux-gnu/libc-2.19.so
7f043d65c000-7f043d65e000 rw-p 001be000 08:02 2363416                    /lib/x86_64-linux-gnu/libc-2.19.so
7f043d65e000-7f043d663000 rw-p 00000000 00:00 0 
7f043d663000-7f043d666000 r-xp 00000000 08:02 2363433                    /lib/x86_64-linux-gnu/libdl-2.19.so
7f043d666000-7f043d865000 ---p 00003000 08:02 2363433                    /lib/x86_64-linux-gnu/libdl-2.19.so
7f043d865000-7f043d866000 r--p 00002000 08:02 2363433                    /lib/x86_64-linux-gnu/libdl-2.19.so
7f043d866000-7f043d867000 rw-p 00003000 08:02 2363433                    /lib/x86_64-linux-gnu/libdl-2.19.so
7f043d867000-7f043d87c000 r-xp 00000000 08:02 924739                     /usr/lib/jvm/java-8-oracle/lib/amd64/jli/libjli.so
7f043d87c000-7f043da7c000 ---p 00015000 08:02 924739                     /usr/lib/jvm/java-8-oracle/lib/amd64/jli/libjli.so
7f043da7c000-7f043da7d000 rw-p 00015000 08:02 924739                     /usr/lib/jvm/java-8-oracle/lib/amd64/jli/libjli.so
7f043da7d000-7f043da96000 r-xp 00000000 08:02 2363536                    /lib/x86_64-linux-gnu/libpthread-2.19.so
7f043da96000-7f043dc95000 ---p 00019000 08:02 2363536                    /lib/x86_64-linux-gnu/libpthread-2.19.so
7f043dc95000-7f043dc96000 r--p 00018000 08:02 2363536                    /lib/x86_64-linux-gnu/libpthread-2.19.so
7f043dc96000-7f043dc97000 rw-p 00019000 08:02 2363536                    /lib/x86_64-linux-gnu/libpthread-2.19.so
7f043dc97000-7f043dc9b000 rw-p 00000000 00:00 0 
7f043dc9b000-7f043dcbe000 r-xp 00000000 08:02 2363392                    /lib/x86_64-linux-gnu/ld-2.19.so
7f043dcbe000-7f043dcc1000 r--s 00018000 08:02 2887186                    /opt/eclipse/plugins/com.google.appengine.eclipse.sdkbundle_1.9.19/appengine-java-sdk-1.9.19/lib/shared/jsp/repackaged-appengine-jasper-el-6.0.29.jar
7f043dcc1000-7f043dcc8000 r--s 0007a000 08:02 2887188                    /opt/eclipse/plugins/com.google.appengine.eclipse.sdkbundle_1.9.19/appengine-java-sdk-1.9.19/lib/shared/jsp/repackaged-appengine-jasper-6.0.29.jar
7f043dcc8000-7f043dcca000 r--s 00011000 08:02 2887183                    /opt/eclipse/plugins/com.google.appengine.eclipse.sdkbundle_1.9.19/appengine-java-sdk-1.9.19/lib/shared/jsp-api.jar
7f043dcca000-7f043dda3000 rw-p 00000000 00:00 0 
7f043dda3000-7f043dda6000 ---p 00000000 00:00 0 
7f043dda6000-7f043dea8000 rw-p 00000000 00:00 0                          [stack:4299]
7f043dea8000-7f043dea9000 r--s 00002000 08:02 2887189                    /opt/eclipse/plugins/com.google.appengine.eclipse.sdkbundle_1.9.19/appengine-java-sdk-1.9.19/lib/shared/jsp/repackaged-appengine-ant-launcher-1.7.1.jar
7f043dea9000-7f043deac000 r--s 00014000 08:02 2887184                    /opt/eclipse/plugins/com.google.appengine.eclipse.sdkbundle_1.9.19/appengine-java-sdk-1.9.19/lib/shared/servlet-api.jar
7f043deac000-7f043deae000 r--s 00006000 08:02 2887182                    /opt/eclipse/plugins/com.google.appengine.eclipse.sdkbundle_1.9.19/appengine-java-sdk-1.9.19/lib/shared/el-api.jar
7f043deae000-7f043deb1000 r--s 00039000 08:02 2887181                    /opt/eclipse/plugins/com.google.appengine.eclipse.sdkbundle_1.9.19/appengine-java-sdk-1.9.19/lib/shared/appengine-local-runtime-shared.jar
7f043deb1000-7f043deb9000 rw-s 00000000 08:02 2892910                    /tmp/hsperfdata_sergio/4296
7f043deb9000-7f043deba000 rw-p 00000000 00:00 0 
7f043deba000-7f043debb000 r--p 00000000 00:00 0 
7f043debb000-7f043debd000 rw-p 00000000 00:00 0 
7f043debd000-7f043debe000 r--p 00022000 08:02 2363392                    /lib/x86_64-linux-gnu/ld-2.19.so
7f043debe000-7f043debf000 rw-p 00023000 08:02 2363392                    /lib/x86_64-linux-gnu/ld-2.19.so
7f043debf000-7f043dec0000 rw-p 00000000 00:00 0 
7ffda1893000-7ffda18b5000 rw-p 00000000 00:00 0                          [stack]
7ffda196c000-7ffda196e000 r-xp 00000000 00:00 0                          [vdso]
7ffda196e000-7ffda1970000 r--p 00000000 00:00 0                          [vvar]
ffffffffff600000-ffffffffff601000 r-xp 00000000 00:00 0                  [vsyscall]

VM Arguments:
java_command: com.google.appengine.tools.enhancer.Enhance /home/sergio/Programacion/Workspace/factGestor/es.upm.dit.isst.factGest/war/WEB-INF/classes/es/upm/dit/isst/factGest/model/Facturacion.class -enhancerVersion v2
java_class_path (initial): /home/sergio/Programacion/Workspace/factGestor/es.upm.dit.isst.factGest/war/WEB-INF/classes:/opt/eclipse/plugins/com.google.appengine.eclipse.sdkbundle_1.9.19/appengine-java-sdk-1.9.19/lib/shared/appengine-local-runtime-shared.jar:/opt/eclipse/plugins/com.google.appengine.eclipse.sdkbundle_1.9.19/appengine-java-sdk-1.9.19/lib/shared/el-api.jar:/opt/eclipse/plugins/com.google.appengine.eclipse.sdkbundle_1.9.19/appengine-java-sdk-1.9.19/lib/shared/servlet-api.jar:/opt/eclipse/plugins/com.google.appengine.eclipse.sdkbundle_1.9.19/appengine-java-sdk-1.9.19/lib/shared/jsp-api.jar:/opt/eclipse/plugins/com.google.appengine.eclipse.sdkbundle_1.9.19/appengine-java-sdk-1.9.19/lib/shared/jsp/repackaged-appengine-jasper-6.0.29.jar:/opt/eclipse/plugins/com.google.appengine.eclipse.sdkbundle_1.9.19/appengine-java-sdk-1.9.19/lib/shared/jsp/repackaged-appengine-jasper-el-6.0.29.jar:/opt/eclipse/plugins/com.google.appengine.eclipse.sdkbundle_1.9.19/appengine-java-sdk-1.9.19/lib/shared/jsp/repackaged-appengine-ant-1.7.1.jar:/opt/eclipse/plugins/com.google.appengine.eclipse.sdkbundle_1.9.19/appengine-java-sdk-1.9.19/lib/shared/jsp/repackaged-appengine-ant-launcher-1.7.1.jar:/opt/eclipse/plugins/com.google.appengine.eclipse.sdkbundle_1.9.19/appengine-java-sdk-1.9.19/lib/shared/jsp/repackaged-appengine-tomcat-juli-6.0.29.jar:/opt/eclipse/plugins/com.google.appengine.eclipse.sdkbundle_1.9.19/appengine-java-sdk-1.9.19/lib/appengine-tools-api.jar:/opt/eclipse/plugins/com.google.appengine.eclipse.sdkbundle_1.9.19/appengine-java-sdk-1.9.19/lib/opt/user/appengine-api-labs/v1/appengine-api-labs.jar:/opt/eclipse/plugins/com.google.appengine.eclipse.sdkbundle_1.9.19/appengine-java-sdk-1.9.19/lib/opt/user/appengine-endpoints/v1/appengine-endpoints.jar:/opt/eclipse/plugins/com.google.appengine.eclipse.sdkbundle_1.9.19/appengine-java-sdk-1.9.19/lib/opt/user/appengine-endpoints/v1/appengine-endpoints-deps.jar:/opt/eclipse/plugins/com.google.appengine.eclipse.sdkbundle_1.
Launcher Type: SUN_STANDARD

Environment Variables:
PATH=/usr/local/sbin:/usr/local/bin:/usr/sbin:/usr/bin:/sbin:/bin:/usr/games:/usr/local/games
SHELL=/bin/bash
DISPLAY=:0

Signal Handlers:
SIGSEGV: [libjvm.so+0xaad1e0], sa_mask[0]=11111111011111111101111111111110, sa_flags=SA_RESTART|SA_SIGINFO
SIGBUS: [libjvm.so+0xaad1e0], sa_mask[0]=11111111011111111101111111111110, sa_flags=SA_RESTART|SA_SIGINFO
SIGFPE: [libjvm.so+0x90b450], sa_mask[0]=11111111011111111101111111111110, sa_flags=SA_RESTART|SA_SIGINFO
SIGPIPE: [libjvm.so+0x90b450], sa_mask[0]=11111111011111111101111111111110, sa_flags=SA_RESTART|SA_SIGINFO
SIGXFSZ: [libjvm.so+0x90b450], sa_mask[0]=11111111011111111101111111111110, sa_flags=SA_RESTART|SA_SIGINFO
SIGILL: [libjvm.so+0x90b450], sa_mask[0]=11111111011111111101111111111110, sa_flags=SA_RESTART|SA_SIGINFO
SIGUSR1: SIG_DFL, sa_mask[0]=00000000000000000000000000000000, sa_flags=none
SIGUSR2: [libjvm.so+0x90ca90], sa_mask[0]=00100000000000000000000000000000, sa_flags=SA_RESTART|SA_SIGINFO
SIGHUP: [libjvm.so+0x90dde0], sa_mask[0]=11111111011111111101111111111110, sa_flags=SA_RESTART|SA_SIGINFO
SIGINT: [libjvm.so+0x90dde0], sa_mask[0]=11111111011111111101111111111110, sa_flags=SA_RESTART|SA_SIGINFO
SIGTERM: [libjvm.so+0x90dde0], sa_mask[0]=11111111011111111101111111111110, sa_flags=SA_RESTART|SA_SIGINFO
SIGQUIT: [libjvm.so+0x90dde0], sa_mask[0]=11111111011111111101111111111110, sa_flags=SA_RESTART|SA_SIGINFO


---------------  S Y S T E M  ---------------

OS:DISTRIB_ID="elementary OS"
DISTRIB_RELEASE=0.3
DISTRIB_CODENAME=freya
DISTRIB_DESCRIPTION="elementary OS Freya"

uname:Linux 3.16.0-34-generic #47~14.04.1-Ubuntu SMP Fri Apr 10 17:49:16 UTC 2015 x86_64
libc:glibc 2.19 NPTL 2.19 
rlimit: STACK 8192k, CORE 0k, NPROC 15691, NOFILE 4096, AS infinity
load average:0,33 0,20 0,21

/proc/meminfo:
MemTotal:        4046736 kB
MemFree:          929208 kB
MemAvailable:    2021908 kB
Buffers:          105192 kB
Cached:          1124796 kB
SwapCached:            0 kB
Active:          2293544 kB
Inactive:         594708 kB
Active(anon):    1659192 kB
Inactive(anon):     4976 kB
Active(file):     634352 kB
Inactive(file):   589732 kB
Unevictable:           0 kB
Mlocked:               0 kB
SwapTotal:       2097148 kB
SwapFree:        2097148 kB
Dirty:               148 kB
Writeback:             0 kB
AnonPages:       1658408 kB
Mapped:           313416 kB
Shmem:              5908 kB
Slab:             101660 kB
SReclaimable:      75084 kB
SUnreclaim:        26576 kB
KernelStack:        6928 kB
PageTables:        25028 kB
NFS_Unstable:          0 kB
Bounce:                0 kB
WritebackTmp:          0 kB
CommitLimit:     4120516 kB
Committed_AS:    4021740 kB
VmallocTotal:   34359738367 kB
VmallocUsed:      307500 kB
VmallocChunk:   34359425532 kB
HardwareCorrupted:     0 kB
AnonHugePages:    727040 kB
HugePages_Total:       0
HugePages_Free:        0
HugePages_Rsvd:        0
HugePages_Surp:        0
Hugepagesize:       2048 kB
DirectMap4k:      136128 kB
DirectMap2M:     4057088 kB


CPU:total 4 (4 cores per cpu, 1 threads per core) family 6 model 23 stepping 7, cmov, cx8, fxsr, mmx, sse, sse2, sse3, ssse3, sse4.1, tsc

/proc/cpuinfo:
processor	: 0
vendor_id	: GenuineIntel
cpu family	: 6
model		: 23
model name	: Intel(R) Core(TM)2 Quad  CPU   Q9550  @ 2.83GHz
stepping	: 7
microcode	: 0x705
cpu MHz		: 2834.000
cache size	: 6144 KB
physical id	: 0
siblings	: 4
core id		: 0
cpu cores	: 4
apicid		: 0
initial apicid	: 0
fpu		: yes
fpu_exception	: yes
cpuid level	: 10
wp		: yes
flags		: fpu vme de pse tsc msr pae mce cx8 apic sep mtrr pge mca cmov pat pse36 clflush dts acpi mmx fxsr sse sse2 ss ht tm pbe syscall nx lm constant_tsc arch_perfmon pebs bts rep_good nopl aperfmperf pni dtes64 monitor ds_cpl vmx smx est tm2 ssse3 cx16 xtpr pdcm sse4_1 lahf_lm dtherm tpr_shadow vnmi flexpriority
bogomips	: 5666.76
clflush size	: 64
cache_alignment	: 64
address sizes	: 36 bits physical, 48 bits virtual
power management:

processor	: 1
vendor_id	: GenuineIntel
cpu family	: 6
model		: 23
model name	: Intel(R) Core(TM)2 Quad  CPU   Q9550  @ 2.83GHz
stepping	: 7
microcode	: 0x705
cpu MHz		: 2834.000
cache size	: 6144 KB
physical id	: 0
siblings	: 4
core id		: 3
cpu cores	: 4
apicid		: 3
initial apicid	: 3
fpu		: yes
fpu_exception	: yes
cpuid level	: 10
wp		: yes
flags		: fpu vme de pse tsc msr pae mce cx8 apic sep mtrr pge mca cmov pat pse36 clflush dts acpi mmx fxsr sse sse2 ss ht tm pbe syscall nx lm constant_tsc arch_perfmon pebs bts rep_good nopl aperfmperf pni dtes64 monitor ds_cpl vmx smx est tm2 ssse3 cx16 xtpr pdcm sse4_1 lahf_lm dtherm tpr_shadow vnmi flexpriority
bogomips	: 5666.76
clflush size	: 64
cache_alignment	: 64
address sizes	: 36 bits physical, 48 bits virtual
power management:

processor	: 2
vendor_id	: GenuineIntel
cpu family	: 6
model		: 23
model name	: Intel(R) Core(TM)2 Quad  CPU   Q9550  @ 2.83GHz
stepping	: 7
microcode	: 0x705
cpu MHz		: 2834.000
cache size	: 6144 KB
physical id	: 0
siblings	: 4
core id		: 2
cpu cores	: 4
apicid		: 2
initial apicid	: 2
fpu		: yes
fpu_exception	: yes
cpuid level	: 10
wp		: yes
flags		: fpu vme de pse tsc msr pae mce cx8 apic sep mtrr pge mca cmov pat pse36 clflush dts acpi mmx fxsr sse sse2 ss ht tm pbe syscall nx lm constant_tsc arch_perfmon pebs bts rep_good nopl aperfmperf pni dtes64 monitor ds_cpl vmx smx est tm2 ssse3 cx16 xtpr pdcm sse4_1 lahf_lm dtherm tpr_shadow vnmi flexpriority
bogomips	: 5666.76
clflush size	: 64
cache_alignment	: 64
address sizes	: 36 bits physical, 48 bits virtual
power management:

processor	: 3
vendor_id	: GenuineIntel
cpu family	: 6
model		: 23
model name	: Intel(R) Core(TM)2 Quad  CPU   Q9550  @ 2.83GHz
stepping	: 7
microcode	: 0x705
cpu MHz		: 2834.000
cache size	: 6144 KB
physical id	: 0
siblings	: 4
core id		: 1
cpu cores	: 4
apicid		: 1
initial apicid	: 1
fpu		: yes
fpu_exception	: yes
cpuid level	: 10
wp		: yes
flags		: fpu vme de pse tsc msr pae mce cx8 apic sep mtrr pge mca cmov pat pse36 clflush dts acpi mmx fxsr sse sse2 ss ht tm pbe syscall nx lm constant_tsc arch_perfmon pebs bts rep_good nopl aperfmperf pni dtes64 monitor ds_cpl vmx smx est tm2 ssse3 cx16 xtpr pdcm sse4_1 lahf_lm dtherm tpr_shadow vnmi flexpriority
bogomips	: 5666.76
clflush size	: 64
cache_alignment	: 64
address sizes	: 36 bits physical, 48 bits virtual
power management:



Memory: 4k page, physical 4046736k(929208k free), swap 2097148k(2097148k free)

vm_info: Java HotSpot(TM) 64-Bit Server VM (25.45-b02) for linux-amd64 JRE (1.8.0_45-b14), built on Apr 10 2015 10:07:45 by "java_re" with gcc 4.3.0 20080428 (Red Hat 4.3.0-8)

time: Wed Apr 22 12:49:36 2015
elapsed time: 0 seconds (0d 0h 0m 0s)

